    Finished debug [unoptimized + debuginfo] target(s) in 0.0 secs
     Running `target\debug\smc.exe C:\Users\Fresk\Desktop\week6\basic_all.sm`
[DEBUG][3][vm/vm_impl.rs|VirtualMachine::execute] main fn local_size = 12
[DEBUG][3][vm/runtime.rs|Runtime::reserve_stack][FnBegin] Param local_size = 12
[DEBUG][3][vm/vm_impl.rs|VirtualMachine::execute] after reserve stack, rt.rbp = 2, rt.stack.len() = 14
Current Code: (0, Call 2, )
Current State: 
   RIP: 0
   RBP: 2
   RSP: 0
   RAX: Nothing
   Stack:
      PrevRIP(18446744073709551614)
      PrevRBP(0)
      Nothing
      Nothing
      Nothing
      Nothing
      Nothing
      Nothing
      Nothing
      Nothing
      Nothing
      Nothing
      Nothing
      Nothing
   Heap:
      

Current Code: (1, Store 1 rax)
Current State: 
   RIP: 1
   RBP: 2
   RSP: 0
   RAX: Int(3)
   Stack:
      PrevRIP(18446744073709551614)
      PrevRBP(0)
      Nothing
      Nothing
      Nothing
      Nothing
      Nothing
      Nothing
      Nothing
      Nothing
      Nothing
      Nothing
      Nothing
      Nothing
   Heap:
      

Current Code: (2, Call 2, )
Current State: 
   RIP: 2
   RBP: 2
   RSP: 0
   RAX: Int(3)
   Stack:
      PrevRIP(18446744073709551614)
      PrevRBP(0)
      Nothing
      Int(3)
      Nothing
      Nothing
      Nothing
      Nothing
      Nothing
      Nothing
      Nothing
      Nothing
      Nothing
      Nothing
   Heap:
      

Current Code: (3, Store 2 rax)
Current State: 
   RIP: 3
   RBP: 2
   RSP: 0
   RAX: Int(5)
   Stack:
      PrevRIP(18446744073709551614)
      PrevRBP(0)
      Nothing
      Int(3)
      Nothing
      Nothing
      Nothing
      Nothing
      Nothing
      Nothing
      Nothing
      Nothing
      Nothing
      Nothing
   Heap:
      

Current Code: (4, Call 124, [rbp - 1], [rbp - 2])
Current State: 
   RIP: 4
   RBP: 2
   RSP: 0
   RAX: Int(5)
   Stack:
      PrevRIP(18446744073709551614)
      PrevRBP(0)
      Nothing
      Int(3)
      Int(5)
      Nothing
      Nothing
      Nothing
      Nothing
      Nothing
      Nothing
      Nothing
      Nothing
      Nothing
   Heap:
      

Current Code: (5, Store 3 rax)
Current State: 
   RIP: 5
   RBP: 2
   RSP: 0
   RAX: Int(8)
   Stack:
      PrevRIP(18446744073709551614)
      PrevRBP(0)
      Nothing
      Int(3)
      Int(5)
      Nothing
      Nothing
      Nothing
      Nothing
      Nothing
      Nothing
      Nothing
      Nothing
      Nothing
   Heap:
      

Current Code: (6, Store 4 [rbp - 3])
Current State: 
   RIP: 6
   RBP: 2
   RSP: 0
   RAX: Int(8)
   Stack:
      PrevRIP(18446744073709551614)
      PrevRBP(0)
      Nothing
      Int(3)
      Int(5)
      Int(8)
      Nothing
      Nothing
      Nothing
      Nothing
      Nothing
      Nothing
      Nothing
      Nothing
   Heap:
      

Current Code: (7, Store 5 [rbp - 4])
Current State: 
   RIP: 7
   RBP: 2
   RSP: 0
   RAX: Int(8)
   Stack:
      PrevRIP(18446744073709551614)
      PrevRBP(0)
      Nothing
      Int(3)
      Int(5)
      Int(8)
      Int(8)
      Nothing
      Nothing
      Nothing
      Nothing
      Nothing
      Nothing
      Nothing
   Heap:
      

Current Code: (8, Call 126, [rbp - 2], [rbp - 5])
Current State: 
   RIP: 8
   RBP: 2
   RSP: 0
   RAX: Int(8)
   Stack:
      PrevRIP(18446744073709551614)
      PrevRBP(0)
      Nothing
      Int(3)
      Int(5)
      Int(8)
      Int(8)
      Int(8)
      Nothing
      Nothing
      Nothing
      Nothing
      Nothing
      Nothing
   Heap:
      

Current Code: (9, Call 125, rax, [rbp - 1])
Current State: 
   RIP: 9
   RBP: 2
   RSP: 0
   RAX: Int(40)
   Stack:
      PrevRIP(18446744073709551614)
      PrevRBP(0)
      Nothing
      Int(3)
      Int(5)
      Int(8)
      Int(8)
      Int(8)
      Nothing
      Nothing
      Nothing
      Nothing
      Nothing
      Nothing
   Heap:
      

Current Code: (10, Store 6 rax)
Current State: 
   RIP: 10
   RBP: 2
   RSP: 0
   RAX: Int(37)
   Stack:
      PrevRIP(18446744073709551614)
      PrevRBP(0)
      Nothing
      Int(3)
      Int(5)
      Int(8)
      Int(8)
      Int(8)
      Nothing
      Nothing
      Nothing
      Nothing
      Nothing
      Nothing
   Heap:
      

Current Code: (11, Call 144, [rbp - 6])
Current State: 
   RIP: 11
   RBP: 2
   RSP: 0
   RAX: Int(37)
   Stack:
      PrevRIP(18446744073709551614)
      PrevRBP(0)
      Nothing
      Int(3)
      Int(5)
      Int(8)
      Int(8)
      Int(8)
      Int(37)
      Nothing
      Nothing
      Nothing
      Nothing
      Nothing
   Heap:
      

Current Code: (12, Store 7 rax)
Current State: 
   RIP: 12
   RBP: 2
   RSP: 0
   RAX: Str("37")
   Stack:
      PrevRIP(18446744073709551614)
      PrevRBP(0)
      Nothing
      Int(3)
      Int(5)
      Int(8)
      Int(8)
      Int(8)
      Int(37)
      Nothing
      Nothing
      Nothing
      Nothing
      Nothing
   Heap:
      

Current Code: (13, Call 1, [rbp - 7])
Current State: 
   RIP: 13
   RBP: 2
   RSP: 0
   RAX: Str("37")
   Stack:
      PrevRIP(18446744073709551614)
      PrevRBP(0)
      Nothing
      Int(3)
      Int(5)
      Int(8)
      Int(8)
      Int(8)
      Int(37)
      Str("37")
      Nothing
      Nothing
      Nothing
      Nothing
   Heap:
      

Current Code: (14, Call 2, )
Current State: 
   RIP: 14
   RBP: 2
   RSP: 0
   RAX: Unit
   Stack:
      PrevRIP(18446744073709551614)
      PrevRBP(0)
      Nothing
      Int(3)
      Int(5)
      Int(8)
      Int(8)
      Int(8)
      Int(37)
      Str("37")
      Nothing
      Nothing
      Nothing
      Nothing
   Heap:
      

Current Code: (15, Store 2 rax)
Current State: 
   RIP: 15
   RBP: 2
   RSP: 0
   RAX: Int(7)
   Stack:
      PrevRIP(18446744073709551614)
      PrevRBP(0)
      Nothing
      Int(3)
      Int(5)
      Int(8)
      Int(8)
      Int(8)
      Int(37)
      Str("37")
      Nothing
      Nothing
      Nothing
      Nothing
   Heap:
      

Current Code: (16, Call 139, [rbp - 2], (i32)10)
Current State: 
   RIP: 16
   RBP: 2
   RSP: 0
   RAX: Int(7)
   Stack:
      PrevRIP(18446744073709551614)
      PrevRBP(0)
      Nothing
      Int(3)
      Int(7)
      Int(8)
      Int(8)
      Int(8)
      Int(37)
      Str("37")
      Nothing
      Nothing
      Nothing
      Nothing
   Heap:
      

Current Code: (17, Goto 22 if rax is false)
Current State: 
   RIP: 17
   RBP: 2
   RSP: 0
   RAX: Bool(true)
   Stack:
      PrevRIP(18446744073709551614)
      PrevRBP(0)
      Nothing
      Int(3)
      Int(7)
      Int(8)
      Int(8)
      Int(8)
      Int(37)
      Str("37")
      Nothing
      Nothing
      Nothing
      Nothing
   Heap:
      

Current Code: (18, Call 138, [rbp - 2], (i32)0)
Current State: 
   RIP: 18
   RBP: 2
   RSP: 0
   RAX: Bool(true)
   Stack:
      PrevRIP(18446744073709551614)
      PrevRBP(0)
      Nothing
      Int(3)
      Int(7)
      Int(8)
      Int(8)
      Int(8)
      Int(37)
      Str("37")
      Nothing
      Nothing
      Nothing
      Nothing
   Heap:
      

Current Code: (19, Goto 21 if rax is false)
Current State: 
   RIP: 19
   RBP: 2
   RSP: 0
   RAX: Bool(true)
   Stack:
      PrevRIP(18446744073709551614)
      PrevRBP(0)
      Nothing
      Int(3)
      Int(7)
      Int(8)
      Int(8)
      Int(8)
      Int(37)
      Str("37")
      Nothing
      Nothing
      Nothing
      Nothing
   Heap:
      

Current Code: (20, Call 1, "1")
Current State: 
   RIP: 20
   RBP: 2
   RSP: 0
   RAX: Bool(true)
   Stack:
      PrevRIP(18446744073709551614)
      PrevRBP(0)
      Nothing
      Int(3)
      Int(7)
      Int(8)
      Int(8)
      Int(8)
      Int(37)
      Str("37")
      Nothing
      Nothing
      Nothing
      Nothing
   Heap:
      

Current Code: (21, Call 1, "-1")
Current State: 
   RIP: 21
   RBP: 2
   RSP: 0
   RAX: Unit
   Stack:
      PrevRIP(18446744073709551614)
      PrevRBP(0)
      Nothing
      Int(3)
      Int(7)
      Int(8)
      Int(8)
      Int(8)
      Int(37)
      Str("37")
      Nothing
      Nothing
      Nothing
      Nothing
   Heap:
      

Current Code: (22, Store 8 (i32)1)
Current State: 
   RIP: 22
   RBP: 2
   RSP: 0
   RAX: Unit
   Stack:
      PrevRIP(18446744073709551614)
      PrevRBP(0)
      Nothing
      Int(3)
      Int(7)
      Int(8)
      Int(8)
      Int(8)
      Int(37)
      Str("37")
      Nothing
      Nothing
      Nothing
      Nothing
   Heap:
      

Current Code: (23, Call 139, [rbp - 8], (i32)6)
Current State: 
   RIP: 23
   RBP: 2
   RSP: 0
   RAX: Unit
   Stack:
      PrevRIP(18446744073709551614)
      PrevRBP(0)
      Nothing
      Int(3)
      Int(7)
      Int(8)
      Int(8)
      Int(8)
      Int(37)
      Str("37")
      Int(1)
      Nothing
      Nothing
      Nothing
   Heap:
      

Current Code: (24, Goto 38 if rax is false)
Current State: 
   RIP: 24
   RBP: 2
   RSP: 0
   RAX: Bool(true)
   Stack:
      PrevRIP(18446744073709551614)
      PrevRBP(0)
      Nothing
      Int(3)
      Int(7)
      Int(8)
      Int(8)
      Int(8)
      Int(37)
      Str("37")
      Int(1)
      Nothing
      Nothing
      Nothing
   Heap:
      

Current Code: (25, Call 144, [rbp - 8])
Current State: 
   RIP: 25
   RBP: 2
   RSP: 0
   RAX: Bool(true)
   Stack:
      PrevRIP(18446744073709551614)
      PrevRBP(0)
      Nothing
      Int(3)
      Int(7)
      Int(8)
      Int(8)
      Int(8)
      Int(37)
      Str("37")
      Int(1)
      Nothing
      Nothing
      Nothing
   Heap:
      

Current Code: (26, Store 9 rax)
Current State: 
   RIP: 26
   RBP: 2
   RSP: 0
   RAX: Str("1")
   Stack:
      PrevRIP(18446744073709551614)
      PrevRBP(0)
      Nothing
      Int(3)
      Int(7)
      Int(8)
      Int(8)
      Int(8)
      Int(37)
      Str("37")
      Int(1)
      Nothing
      Nothing
      Nothing
   Heap:
      

Current Code: (27, Call 1, [rbp - 9])
Current State: 
   RIP: 27
   RBP: 2
   RSP: 0
   RAX: Str("1")
   Stack:
      PrevRIP(18446744073709551614)
      PrevRBP(0)
      Nothing
      Int(3)
      Int(7)
      Int(8)
      Int(8)
      Int(8)
      Int(37)
      Str("37")
      Int(1)
      Str("1")
      Nothing
      Nothing
   Heap:
      

Current Code: (28, Store 10 (i32)1)
Current State: 
   RIP: 28
   RBP: 2
   RSP: 0
   RAX: Unit
   Stack:
      PrevRIP(18446744073709551614)
      PrevRBP(0)
      Nothing
      Int(3)
      Int(7)
      Int(8)
      Int(8)
      Int(8)
      Int(37)
      Str("37")
      Int(1)
      Str("1")
      Nothing
      Nothing
   Heap:
      

Current Code: (29, Call 139, [rbp - 10], (i32)6)
Current State: 
   RIP: 29
   RBP: 2
   RSP: 0
   RAX: Unit
   Stack:
      PrevRIP(18446744073709551614)
      PrevRBP(0)
      Nothing
      Int(3)
      Int(7)
      Int(8)
      Int(8)
      Int(8)
      Int(37)
      Str("37")
      Int(1)
      Str("1")
      Int(1)
      Nothing
   Heap:
      

Current Code: (30, Goto 36 if rax is false)
Current State: 
   RIP: 30
   RBP: 2
   RSP: 0
   RAX: Bool(true)
   Stack:
      PrevRIP(18446744073709551614)
      PrevRBP(0)
      Nothing
      Int(3)
      Int(7)
      Int(8)
      Int(8)
      Int(8)
      Int(37)
      Str("37")
      Int(1)
      Str("1")
      Int(1)
      Nothing
   Heap:
      

Current Code: (31, Call 144, [rbp - 10])
Current State: 
   RIP: 31
   RBP: 2
   RSP: 0
   RAX: Bool(true)
   Stack:
      PrevRIP(18446744073709551614)
      PrevRBP(0)
      Nothing
      Int(3)
      Int(7)
      Int(8)
      Int(8)
      Int(8)
      Int(37)
      Str("37")
      Int(1)
      Str("1")
      Int(1)
      Nothing
   Heap:
      

Current Code: (32, Store 11 rax)
Current State: 
   RIP: 32
   RBP: 2
   RSP: 0
   RAX: Str("1")
   Stack:
      PrevRIP(18446744073709551614)
      PrevRBP(0)
      Nothing
      Int(3)
      Int(7)
      Int(8)
      Int(8)
      Int(8)
      Int(37)
      Str("37")
      Int(1)
      Str("1")
      Int(1)
      Nothing
   Heap:
      

Current Code: (33, Call 1, [rbp - 11])
Current State: 
   RIP: 33
   RBP: 2
   RSP: 0
   RAX: Str("1")
   Stack:
      PrevRIP(18446744073709551614)
      PrevRBP(0)
      Nothing
      Int(3)
      Int(7)
      Int(8)
      Int(8)
      Int(8)
      Int(37)
      Str("37")
      Int(1)
      Str("1")
      Int(1)
      Str("1")
   Heap:
      

Current Code: (34, Call 141, [rbp - 10])
Current State: 
   RIP: 34
   RBP: 2
   RSP: 0
   RAX: Unit
   Stack:
      PrevRIP(18446744073709551614)
      PrevRBP(0)
      Nothing
      Int(3)
      Int(7)
      Int(8)
      Int(8)
      Int(8)
      Int(37)
      Str("37")
      Int(1)
      Str("1")
      Int(1)
      Str("1")
   Heap:
      

Current Code: (35, Goto 29)
Current State: 
   RIP: 35
   RBP: 2
   RSP: 0
   RAX: Unit
   Stack:
      PrevRIP(18446744073709551614)
      PrevRBP(0)
      Nothing
      Int(3)
      Int(7)
      Int(8)
      Int(8)
      Int(8)
      Int(37)
      Str("37")
      Int(1)
      Str("1")
      Int(2)
      Str("1")
   Heap:
      

Current Code: (29, Call 139, [rbp - 10], (i32)6)
Current State: 
   RIP: 29
   RBP: 2
   RSP: 0
   RAX: Unit
   Stack:
      PrevRIP(18446744073709551614)
      PrevRBP(0)
      Nothing
      Int(3)
      Int(7)
      Int(8)
      Int(8)
      Int(8)
      Int(37)
      Str("37")
      Int(1)
      Str("1")
      Int(2)
      Str("1")
   Heap:
      

Current Code: (30, Goto 36 if rax is false)
Current State: 
   RIP: 30
   RBP: 2
   RSP: 0
   RAX: Bool(true)
   Stack:
      PrevRIP(18446744073709551614)
      PrevRBP(0)
      Nothing
      Int(3)
      Int(7)
      Int(8)
      Int(8)
      Int(8)
      Int(37)
      Str("37")
      Int(1)
      Str("1")
      Int(2)
      Str("1")
   Heap:
      

Current Code: (31, Call 144, [rbp - 10])
Current State: 
   RIP: 31
   RBP: 2
   RSP: 0
   RAX: Bool(true)
   Stack:
      PrevRIP(18446744073709551614)
      PrevRBP(0)
      Nothing
      Int(3)
      Int(7)
      Int(8)
      Int(8)
      Int(8)
      Int(37)
      Str("37")
      Int(1)
      Str("1")
      Int(2)
      Str("1")
   Heap:
      

Current Code: (32, Store 11 rax)
Current State: 
   RIP: 32
   RBP: 2
   RSP: 0
   RAX: Str("2")
   Stack:
      PrevRIP(18446744073709551614)
      PrevRBP(0)
      Nothing
      Int(3)
      Int(7)
      Int(8)
      Int(8)
      Int(8)
      Int(37)
      Str("37")
      Int(1)
      Str("1")
      Int(2)
      Str("1")
   Heap:
      

Current Code: (33, Call 1, [rbp - 11])
Current State: 
   RIP: 33
   RBP: 2
   RSP: 0
   RAX: Str("2")
   Stack:
      PrevRIP(18446744073709551614)
      PrevRBP(0)
      Nothing
      Int(3)
      Int(7)
      Int(8)
      Int(8)
      Int(8)
      Int(37)
      Str("37")
      Int(1)
      Str("1")
      Int(2)
      Str("2")
   Heap:
      

Current Code: (34, Call 141, [rbp - 10])
Current State: 
   RIP: 34
   RBP: 2
   RSP: 0
   RAX: Unit
   Stack:
      PrevRIP(18446744073709551614)
      PrevRBP(0)
      Nothing
      Int(3)
      Int(7)
      Int(8)
      Int(8)
      Int(8)
      Int(37)
      Str("37")
      Int(1)
      Str("1")
      Int(2)
      Str("2")
   Heap:
      

Current Code: (35, Goto 29)
Current State: 
   RIP: 35
   RBP: 2
   RSP: 0
   RAX: Unit
   Stack:
      PrevRIP(18446744073709551614)
      PrevRBP(0)
      Nothing
      Int(3)
      Int(7)
      Int(8)
      Int(8)
      Int(8)
      Int(37)
      Str("37")
      Int(1)
      Str("1")
      Int(3)
      Str("2")
   Heap:
      

Current Code: (29, Call 139, [rbp - 10], (i32)6)
Current State: 
   RIP: 29
   RBP: 2
   RSP: 0
   RAX: Unit
   Stack:
      PrevRIP(18446744073709551614)
      PrevRBP(0)
      Nothing
      Int(3)
      Int(7)
      Int(8)
      Int(8)
      Int(8)
      Int(37)
      Str("37")
      Int(1)
      Str("1")
      Int(3)
      Str("2")
   Heap:
      

Current Code: (30, Goto 36 if rax is false)
Current State: 
   RIP: 30
   RBP: 2
   RSP: 0
   RAX: Bool(true)
   Stack:
      PrevRIP(18446744073709551614)
      PrevRBP(0)
      Nothing
      Int(3)
      Int(7)
      Int(8)
      Int(8)
      Int(8)
      Int(37)
      Str("37")
      Int(1)
      Str("1")
      Int(3)
      Str("2")
   Heap:
      

Current Code: (31, Call 144, [rbp - 10])
Current State: 
   RIP: 31
   RBP: 2
   RSP: 0
   RAX: Bool(true)
   Stack:
      PrevRIP(18446744073709551614)
      PrevRBP(0)
      Nothing
      Int(3)
      Int(7)
      Int(8)
      Int(8)
      Int(8)
      Int(37)
      Str("37")
      Int(1)
      Str("1")
      Int(3)
      Str("2")
   Heap:
      

Current Code: (32, Store 11 rax)
Current State: 
   RIP: 32
   RBP: 2
   RSP: 0
   RAX: Str("3")
   Stack:
      PrevRIP(18446744073709551614)
      PrevRBP(0)
      Nothing
      Int(3)
      Int(7)
      Int(8)
      Int(8)
      Int(8)
      Int(37)
      Str("37")
      Int(1)
      Str("1")
      Int(3)
      Str("2")
   Heap:
      

Current Code: (33, Call 1, [rbp - 11])
Current State: 
   RIP: 33
   RBP: 2
   RSP: 0
   RAX: Str("3")
   Stack:
      PrevRIP(18446744073709551614)
      PrevRBP(0)
      Nothing
      Int(3)
      Int(7)
      Int(8)
      Int(8)
      Int(8)
      Int(37)
      Str("37")
      Int(1)
      Str("1")
      Int(3)
      Str("3")
   Heap:
      

Current Code: (34, Call 141, [rbp - 10])
Current State: 
   RIP: 34
   RBP: 2
   RSP: 0
   RAX: Unit
   Stack:
      PrevRIP(18446744073709551614)
      PrevRBP(0)
      Nothing
      Int(3)
      Int(7)
      Int(8)
      Int(8)
      Int(8)
      Int(37)
      Str("37")
      Int(1)
      Str("1")
      Int(3)
      Str("3")
   Heap:
      

Current Code: (35, Goto 29)
Current State: 
   RIP: 35
   RBP: 2
   RSP: 0
   RAX: Unit
   Stack:
      PrevRIP(18446744073709551614)
      PrevRBP(0)
      Nothing
      Int(3)
      Int(7)
      Int(8)
      Int(8)
      Int(8)
      Int(37)
      Str("37")
      Int(1)
      Str("1")
      Int(4)
      Str("3")
   Heap:
      

Current Code: (29, Call 139, [rbp - 10], (i32)6)
Current State: 
   RIP: 29
   RBP: 2
   RSP: 0
   RAX: Unit
   Stack:
      PrevRIP(18446744073709551614)
      PrevRBP(0)
      Nothing
      Int(3)
      Int(7)
      Int(8)
      Int(8)
      Int(8)
      Int(37)
      Str("37")
      Int(1)
      Str("1")
      Int(4)
      Str("3")
   Heap:
      

Current Code: (30, Goto 36 if rax is false)
Current State: 
   RIP: 30
   RBP: 2
   RSP: 0
   RAX: Bool(true)
   Stack:
      PrevRIP(18446744073709551614)
      PrevRBP(0)
      Nothing
      Int(3)
      Int(7)
      Int(8)
      Int(8)
      Int(8)
      Int(37)
      Str("37")
      Int(1)
      Str("1")
      Int(4)
      Str("3")
   Heap:
      

Current Code: (31, Call 144, [rbp - 10])
Current State: 
   RIP: 31
   RBP: 2
   RSP: 0
   RAX: Bool(true)
   Stack:
      PrevRIP(18446744073709551614)
      PrevRBP(0)
      Nothing
      Int(3)
      Int(7)
      Int(8)
      Int(8)
      Int(8)
      Int(37)
      Str("37")
      Int(1)
      Str("1")
      Int(4)
      Str("3")
   Heap:
      

Current Code: (32, Store 11 rax)
Current State: 
   RIP: 32
   RBP: 2
   RSP: 0
   RAX: Str("4")
   Stack:
      PrevRIP(18446744073709551614)
      PrevRBP(0)
      Nothing
      Int(3)
      Int(7)
      Int(8)
      Int(8)
      Int(8)
      Int(37)
      Str("37")
      Int(1)
      Str("1")
      Int(4)
      Str("3")
   Heap:
      

Current Code: (33, Call 1, [rbp - 11])
Current State: 
   RIP: 33
   RBP: 2
   RSP: 0
   RAX: Str("4")
   Stack:
      PrevRIP(18446744073709551614)
      PrevRBP(0)
      Nothing
      Int(3)
      Int(7)
      Int(8)
      Int(8)
      Int(8)
      Int(37)
      Str("37")
      Int(1)
      Str("1")
      Int(4)
      Str("4")
   Heap:
      

Current Code: (34, Call 141, [rbp - 10])
Current State: 
   RIP: 34
   RBP: 2
   RSP: 0
   RAX: Unit
   Stack:
      PrevRIP(18446744073709551614)
      PrevRBP(0)
      Nothing
      Int(3)
      Int(7)
      Int(8)
      Int(8)
      Int(8)
      Int(37)
      Str("37")
      Int(1)
      Str("1")
      Int(4)
      Str("4")
   Heap:
      

Current Code: (35, Goto 29)
Current State: 
   RIP: 35
   RBP: 2
   RSP: 0
   RAX: Unit
   Stack:
      PrevRIP(18446744073709551614)
      PrevRBP(0)
      Nothing
      Int(3)
      Int(7)
      Int(8)
      Int(8)
      Int(8)
      Int(37)
      Str("37")
      Int(1)
      Str("1")
      Int(5)
      Str("4")
   Heap:
      

Current Code: (29, Call 139, [rbp - 10], (i32)6)
Current State: 
   RIP: 29
   RBP: 2
   RSP: 0
   RAX: Unit
   Stack:
      PrevRIP(18446744073709551614)
      PrevRBP(0)
      Nothing
      Int(3)
      Int(7)
      Int(8)
      Int(8)
      Int(8)
      Int(37)
      Str("37")
      Int(1)
      Str("1")
      Int(5)
      Str("4")
   Heap:
      

Current Code: (30, Goto 36 if rax is false)
Current State: 
   RIP: 30
   RBP: 2
   RSP: 0
   RAX: Bool(true)
   Stack:
      PrevRIP(18446744073709551614)
      PrevRBP(0)
      Nothing
      Int(3)
      Int(7)
      Int(8)
      Int(8)
      Int(8)
      Int(37)
      Str("37")
      Int(1)
      Str("1")
      Int(5)
      Str("4")
   Heap:
      

Current Code: (31, Call 144, [rbp - 10])
Current State: 
   RIP: 31
   RBP: 2
   RSP: 0
   RAX: Bool(true)
   Stack:
      PrevRIP(18446744073709551614)
      PrevRBP(0)
      Nothing
      Int(3)
      Int(7)
      Int(8)
      Int(8)
      Int(8)
      Int(37)
      Str("37")
      Int(1)
      Str("1")
      Int(5)
      Str("4")
   Heap:
      

Current Code: (32, Store 11 rax)
Current State: 
   RIP: 32
   RBP: 2
   RSP: 0
   RAX: Str("5")
   Stack:
      PrevRIP(18446744073709551614)
      PrevRBP(0)
      Nothing
      Int(3)
      Int(7)
      Int(8)
      Int(8)
      Int(8)
      Int(37)
      Str("37")
      Int(1)
      Str("1")
      Int(5)
      Str("4")
   Heap:
      

Current Code: (33, Call 1, [rbp - 11])
Current State: 
   RIP: 33
   RBP: 2
   RSP: 0
   RAX: Str("5")
   Stack:
      PrevRIP(18446744073709551614)
      PrevRBP(0)
      Nothing
      Int(3)
      Int(7)
      Int(8)
      Int(8)
      Int(8)
      Int(37)
      Str("37")
      Int(1)
      Str("1")
      Int(5)
      Str("5")
   Heap:
      

Current Code: (34, Call 141, [rbp - 10])
Current State: 
   RIP: 34
   RBP: 2
   RSP: 0
   RAX: Unit
   Stack:
      PrevRIP(18446744073709551614)
      PrevRBP(0)
      Nothing
      Int(3)
      Int(7)
      Int(8)
      Int(8)
      Int(8)
      Int(37)
      Str("37")
      Int(1)
      Str("1")
      Int(5)
      Str("5")
   Heap:
      

Current Code: (35, Goto 29)
Current State: 
   RIP: 35
   RBP: 2
   RSP: 0
   RAX: Unit
   Stack:
      PrevRIP(18446744073709551614)
      PrevRBP(0)
      Nothing
      Int(3)
      Int(7)
      Int(8)
      Int(8)
      Int(8)
      Int(37)
      Str("37")
      Int(1)
      Str("1")
      Int(6)
      Str("5")
   Heap:
      

Current Code: (29, Call 139, [rbp - 10], (i32)6)
Current State: 
   RIP: 29
   RBP: 2
   RSP: 0
   RAX: Unit
   Stack:
      PrevRIP(18446744073709551614)
      PrevRBP(0)
      Nothing
      Int(3)
      Int(7)
      Int(8)
      Int(8)
      Int(8)
      Int(37)
      Str("37")
      Int(1)
      Str("1")
      Int(6)
      Str("5")
   Heap:
      

Current Code: (30, Goto 36 if rax is false)
Current State: 
   RIP: 30
   RBP: 2
   RSP: 0
   RAX: Bool(false)
   Stack:
      PrevRIP(18446744073709551614)
      PrevRBP(0)
      Nothing
      Int(3)
      Int(7)
      Int(8)
      Int(8)
      Int(8)
      Int(37)
      Str("37")
      Int(1)
      Str("1")
      Int(6)
      Str("5")
   Heap:
      

Current Code: (36, Call 141, [rbp - 8])
Current State: 
   RIP: 36
   RBP: 2
   RSP: 0
   RAX: Bool(false)
   Stack:
      PrevRIP(18446744073709551614)
      PrevRBP(0)
      Nothing
      Int(3)
      Int(7)
      Int(8)
      Int(8)
      Int(8)
      Int(37)
      Str("37")
      Int(1)
      Str("1")
      Int(6)
      Str("5")
   Heap:
      

Current Code: (37, Goto 23)
Current State: 
   RIP: 37
   RBP: 2
   RSP: 0
   RAX: Unit
   Stack:
      PrevRIP(18446744073709551614)
      PrevRBP(0)
      Nothing
      Int(3)
      Int(7)
      Int(8)
      Int(8)
      Int(8)
      Int(37)
      Str("37")
      Int(2)
      Str("1")
      Int(6)
      Str("5")
   Heap:
      

Current Code: (23, Call 139, [rbp - 8], (i32)6)
Current State: 
   RIP: 23
   RBP: 2
   RSP: 0
   RAX: Unit
   Stack:
      PrevRIP(18446744073709551614)
      PrevRBP(0)
      Nothing
      Int(3)
      Int(7)
      Int(8)
      Int(8)
      Int(8)
      Int(37)
      Str("37")
      Int(2)
      Str("1")
      Int(6)
      Str("5")
   Heap:
      

Current Code: (24, Goto 38 if rax is false)
Current State: 
   RIP: 24
   RBP: 2
   RSP: 0
   RAX: Bool(true)
   Stack:
      PrevRIP(18446744073709551614)
      PrevRBP(0)
      Nothing
      Int(3)
      Int(7)
      Int(8)
      Int(8)
      Int(8)
      Int(37)
      Str("37")
      Int(2)
      Str("1")
      Int(6)
      Str("5")
   Heap:
      

Current Code: (25, Call 144, [rbp - 8])
Current State: 
   RIP: 25
   RBP: 2
   RSP: 0
   RAX: Bool(true)
   Stack:
      PrevRIP(18446744073709551614)
      PrevRBP(0)
      Nothing
      Int(3)
      Int(7)
      Int(8)
      Int(8)
      Int(8)
      Int(37)
      Str("37")
      Int(2)
      Str("1")
      Int(6)
      Str("5")
   Heap:
      

Current Code: (26, Store 9 rax)
Current State: 
   RIP: 26
   RBP: 2
   RSP: 0
   RAX: Str("2")
   Stack:
      PrevRIP(18446744073709551614)
      PrevRBP(0)
      Nothing
      Int(3)
      Int(7)
      Int(8)
      Int(8)
      Int(8)
      Int(37)
      Str("37")
      Int(2)
      Str("1")
      Int(6)
      Str("5")
   Heap:
      

Current Code: (27, Call 1, [rbp - 9])
Current State: 
   RIP: 27
   RBP: 2
   RSP: 0
   RAX: Str("2")
   Stack:
      PrevRIP(18446744073709551614)
      PrevRBP(0)
      Nothing
      Int(3)
      Int(7)
      Int(8)
      Int(8)
      Int(8)
      Int(37)
      Str("37")
      Int(2)
      Str("2")
      Int(6)
      Str("5")
   Heap:
      

Current Code: (28, Store 10 (i32)1)
Current State: 
   RIP: 28
   RBP: 2
   RSP: 0
   RAX: Unit
   Stack:
      PrevRIP(18446744073709551614)
      PrevRBP(0)
      Nothing
      Int(3)
      Int(7)
      Int(8)
      Int(8)
      Int(8)
      Int(37)
      Str("37")
      Int(2)
      Str("2")
      Int(6)
      Str("5")
   Heap:
      

Current Code: (29, Call 139, [rbp - 10], (i32)6)
Current State: 
   RIP: 29
   RBP: 2
   RSP: 0
   RAX: Unit
   Stack:
      PrevRIP(18446744073709551614)
      PrevRBP(0)
      Nothing
      Int(3)
      Int(7)
      Int(8)
      Int(8)
      Int(8)
      Int(37)
      Str("37")
      Int(2)
      Str("2")
      Int(1)
      Str("5")
   Heap:
      

Current Code: (30, Goto 36 if rax is false)
Current State: 
   RIP: 30
   RBP: 2
   RSP: 0
   RAX: Bool(true)
   Stack:
      PrevRIP(18446744073709551614)
      PrevRBP(0)
      Nothing
      Int(3)
      Int(7)
      Int(8)
      Int(8)
      Int(8)
      Int(37)
      Str("37")
      Int(2)
      Str("2")
      Int(1)
      Str("5")
   Heap:
      

Current Code: (31, Call 144, [rbp - 10])
Current State: 
   RIP: 31
   RBP: 2
   RSP: 0
   RAX: Bool(true)
   Stack:
      PrevRIP(18446744073709551614)
      PrevRBP(0)
      Nothing
      Int(3)
      Int(7)
      Int(8)
      Int(8)
      Int(8)
      Int(37)
      Str("37")
      Int(2)
      Str("2")
      Int(1)
      Str("5")
   Heap:
      

Current Code: (32, Store 11 rax)
Current State: 
   RIP: 32
   RBP: 2
   RSP: 0
   RAX: Str("1")
   Stack:
      PrevRIP(18446744073709551614)
      PrevRBP(0)
      Nothing
      Int(3)
      Int(7)
      Int(8)
      Int(8)
      Int(8)
      Int(37)
      Str("37")
      Int(2)
      Str("2")
      Int(1)
      Str("5")
   Heap:
      

Current Code: (33, Call 1, [rbp - 11])
Current State: 
   RIP: 33
   RBP: 2
   RSP: 0
   RAX: Str("1")
   Stack:
      PrevRIP(18446744073709551614)
      PrevRBP(0)
      Nothing
      Int(3)
      Int(7)
      Int(8)
      Int(8)
      Int(8)
      Int(37)
      Str("37")
      Int(2)
      Str("2")
      Int(1)
      Str("1")
   Heap:
      

Current Code: (34, Call 141, [rbp - 10])
Current State: 
   RIP: 34
   RBP: 2
   RSP: 0
   RAX: Unit
   Stack:
      PrevRIP(18446744073709551614)
      PrevRBP(0)
      Nothing
      Int(3)
      Int(7)
      Int(8)
      Int(8)
      Int(8)
      Int(37)
      Str("37")
      Int(2)
      Str("2")
      Int(1)
      Str("1")
   Heap:
      

Current Code: (35, Goto 29)
Current State: 
   RIP: 35
   RBP: 2
   RSP: 0
   RAX: Unit
   Stack:
      PrevRIP(18446744073709551614)
      PrevRBP(0)
      Nothing
      Int(3)
      Int(7)
      Int(8)
      Int(8)
      Int(8)
      Int(37)
      Str("37")
      Int(2)
      Str("2")
      Int(2)
      Str("1")
   Heap:
      

Current Code: (29, Call 139, [rbp - 10], (i32)6)
Current State: 
   RIP: 29
   RBP: 2
   RSP: 0
   RAX: Unit
   Stack:
      PrevRIP(18446744073709551614)
      PrevRBP(0)
      Nothing
      Int(3)
      Int(7)
      Int(8)
      Int(8)
      Int(8)
      Int(37)
      Str("37")
      Int(2)
      Str("2")
      Int(2)
      Str("1")
   Heap:
      

Current Code: (30, Goto 36 if rax is false)
Current State: 
   RIP: 30
   RBP: 2
   RSP: 0
   RAX: Bool(true)
   Stack:
      PrevRIP(18446744073709551614)
      PrevRBP(0)
      Nothing
      Int(3)
      Int(7)
      Int(8)
      Int(8)
      Int(8)
      Int(37)
      Str("37")
      Int(2)
      Str("2")
      Int(2)
      Str("1")
   Heap:
      

Current Code: (31, Call 144, [rbp - 10])
Current State: 
   RIP: 31
   RBP: 2
   RSP: 0
   RAX: Bool(true)
   Stack:
      PrevRIP(18446744073709551614)
      PrevRBP(0)
      Nothing
      Int(3)
      Int(7)
      Int(8)
      Int(8)
      Int(8)
      Int(37)
      Str("37")
      Int(2)
      Str("2")
      Int(2)
      Str("1")
   Heap:
      

Current Code: (32, Store 11 rax)
Current State: 
   RIP: 32
   RBP: 2
   RSP: 0
   RAX: Str("2")
   Stack:
      PrevRIP(18446744073709551614)
      PrevRBP(0)
      Nothing
      Int(3)
      Int(7)
      Int(8)
      Int(8)
      Int(8)
      Int(37)
      Str("37")
      Int(2)
      Str("2")
      Int(2)
      Str("1")
   Heap:
      

Current Code: (33, Call 1, [rbp - 11])
Current State: 
   RIP: 33
   RBP: 2
   RSP: 0
   RAX: Str("2")
   Stack:
      PrevRIP(18446744073709551614)
      PrevRBP(0)
      Nothing
      Int(3)
      Int(7)
      Int(8)
      Int(8)
      Int(8)
      Int(37)
      Str("37")
      Int(2)
      Str("2")
      Int(2)
      Str("2")
   Heap:
      

Current Code: (34, Call 141, [rbp - 10])
Current State: 
   RIP: 34
   RBP: 2
   RSP: 0
   RAX: Unit
   Stack:
      PrevRIP(18446744073709551614)
      PrevRBP(0)
      Nothing
      Int(3)
      Int(7)
      Int(8)
      Int(8)
      Int(8)
      Int(37)
      Str("37")
      Int(2)
      Str("2")
      Int(2)
      Str("2")
   Heap:
      

Current Code: (35, Goto 29)
Current State: 
   RIP: 35
   RBP: 2
   RSP: 0
   RAX: Unit
   Stack:
      PrevRIP(18446744073709551614)
      PrevRBP(0)
      Nothing
      Int(3)
      Int(7)
      Int(8)
      Int(8)
      Int(8)
      Int(37)
      Str("37")
      Int(2)
      Str("2")
      Int(3)
      Str("2")
   Heap:
      

Current Code: (29, Call 139, [rbp - 10], (i32)6)
Current State: 
   RIP: 29
   RBP: 2
   RSP: 0
   RAX: Unit
   Stack:
      PrevRIP(18446744073709551614)
      PrevRBP(0)
      Nothing
      Int(3)
      Int(7)
      Int(8)
      Int(8)
      Int(8)
      Int(37)
      Str("37")
      Int(2)
      Str("2")
      Int(3)
      Str("2")
   Heap:
      

Current Code: (30, Goto 36 if rax is false)
Current State: 
   RIP: 30
   RBP: 2
   RSP: 0
   RAX: Bool(true)
   Stack:
      PrevRIP(18446744073709551614)
      PrevRBP(0)
      Nothing
      Int(3)
      Int(7)
      Int(8)
      Int(8)
      Int(8)
      Int(37)
      Str("37")
      Int(2)
      Str("2")
      Int(3)
      Str("2")
   Heap:
      

Current Code: (31, Call 144, [rbp - 10])
Current State: 
   RIP: 31
   RBP: 2
   RSP: 0
   RAX: Bool(true)
   Stack:
      PrevRIP(18446744073709551614)
      PrevRBP(0)
      Nothing
      Int(3)
      Int(7)
      Int(8)
      Int(8)
      Int(8)
      Int(37)
      Str("37")
      Int(2)
      Str("2")
      Int(3)
      Str("2")
   Heap:
      

Current Code: (32, Store 11 rax)
Current State: 
   RIP: 32
   RBP: 2
   RSP: 0
   RAX: Str("3")
   Stack:
      PrevRIP(18446744073709551614)
      PrevRBP(0)
      Nothing
      Int(3)
      Int(7)
      Int(8)
      Int(8)
      Int(8)
      Int(37)
      Str("37")
      Int(2)
      Str("2")
      Int(3)
      Str("2")
   Heap:
      

Current Code: (33, Call 1, [rbp - 11])
Current State: 
   RIP: 33
   RBP: 2
   RSP: 0
   RAX: Str("3")
   Stack:
      PrevRIP(18446744073709551614)
      PrevRBP(0)
      Nothing
      Int(3)
      Int(7)
      Int(8)
      Int(8)
      Int(8)
      Int(37)
      Str("37")
      Int(2)
      Str("2")
      Int(3)
      Str("3")
   Heap:
      

Current Code: (34, Call 141, [rbp - 10])
Current State: 
   RIP: 34
   RBP: 2
   RSP: 0
   RAX: Unit
   Stack:
      PrevRIP(18446744073709551614)
      PrevRBP(0)
      Nothing
      Int(3)
      Int(7)
      Int(8)
      Int(8)
      Int(8)
      Int(37)
      Str("37")
      Int(2)
      Str("2")
      Int(3)
      Str("3")
   Heap:
      

Current Code: (35, Goto 29)
Current State: 
   RIP: 35
   RBP: 2
   RSP: 0
   RAX: Unit
   Stack:
      PrevRIP(18446744073709551614)
      PrevRBP(0)
      Nothing
      Int(3)
      Int(7)
      Int(8)
      Int(8)
      Int(8)
      Int(37)
      Str("37")
      Int(2)
      Str("2")
      Int(4)
      Str("3")
   Heap:
      

Current Code: (29, Call 139, [rbp - 10], (i32)6)
Current State: 
   RIP: 29
   RBP: 2
   RSP: 0
   RAX: Unit
   Stack:
      PrevRIP(18446744073709551614)
      PrevRBP(0)
      Nothing
      Int(3)
      Int(7)
      Int(8)
      Int(8)
      Int(8)
      Int(37)
      Str("37")
      Int(2)
      Str("2")
      Int(4)
      Str("3")
   Heap:
      

Current Code: (30, Goto 36 if rax is false)
Current State: 
   RIP: 30
   RBP: 2
   RSP: 0
   RAX: Bool(true)
   Stack:
      PrevRIP(18446744073709551614)
      PrevRBP(0)
      Nothing
      Int(3)
      Int(7)
      Int(8)
      Int(8)
      Int(8)
      Int(37)
      Str("37")
      Int(2)
      Str("2")
      Int(4)
      Str("3")
   Heap:
      

Current Code: (31, Call 144, [rbp - 10])
Current State: 
   RIP: 31
   RBP: 2
   RSP: 0
   RAX: Bool(true)
   Stack:
      PrevRIP(18446744073709551614)
      PrevRBP(0)
      Nothing
      Int(3)
      Int(7)
      Int(8)
      Int(8)
      Int(8)
      Int(37)
      Str("37")
      Int(2)
      Str("2")
      Int(4)
      Str("3")
   Heap:
      

Current Code: (32, Store 11 rax)
Current State: 
   RIP: 32
   RBP: 2
   RSP: 0
   RAX: Str("4")
   Stack:
      PrevRIP(18446744073709551614)
      PrevRBP(0)
      Nothing
      Int(3)
      Int(7)
      Int(8)
      Int(8)
      Int(8)
      Int(37)
      Str("37")
      Int(2)
      Str("2")
      Int(4)
      Str("3")
   Heap:
      

Current Code: (33, Call 1, [rbp - 11])
Current State: 
   RIP: 33
   RBP: 2
   RSP: 0
   RAX: Str("4")
   Stack:
      PrevRIP(18446744073709551614)
      PrevRBP(0)
      Nothing
      Int(3)
      Int(7)
      Int(8)
      Int(8)
      Int(8)
      Int(37)
      Str("37")
      Int(2)
      Str("2")
      Int(4)
      Str("4")
   Heap:
      

Current Code: (34, Call 141, [rbp - 10])
Current State: 
   RIP: 34
   RBP: 2
   RSP: 0
   RAX: Unit
   Stack:
      PrevRIP(18446744073709551614)
      PrevRBP(0)
      Nothing
      Int(3)
      Int(7)
      Int(8)
      Int(8)
      Int(8)
      Int(37)
      Str("37")
      Int(2)
      Str("2")
      Int(4)
      Str("4")
   Heap:
      

Current Code: (35, Goto 29)
Current State: 
   RIP: 35
   RBP: 2
   RSP: 0
   RAX: Unit
   Stack:
      PrevRIP(18446744073709551614)
      PrevRBP(0)
      Nothing
      Int(3)
      Int(7)
      Int(8)
      Int(8)
      Int(8)
      Int(37)
      Str("37")
      Int(2)
      Str("2")
      Int(5)
      Str("4")
   Heap:
      

Current Code: (29, Call 139, [rbp - 10], (i32)6)
Current State: 
   RIP: 29
   RBP: 2
   RSP: 0
   RAX: Unit
   Stack:
      PrevRIP(18446744073709551614)
      PrevRBP(0)
      Nothing
      Int(3)
      Int(7)
      Int(8)
      Int(8)
      Int(8)
      Int(37)
      Str("37")
      Int(2)
      Str("2")
      Int(5)
      Str("4")
   Heap:
      

Current Code: (30, Goto 36 if rax is false)
Current State: 
   RIP: 30
   RBP: 2
   RSP: 0
   RAX: Bool(true)
   Stack:
      PrevRIP(18446744073709551614)
      PrevRBP(0)
      Nothing
      Int(3)
      Int(7)
      Int(8)
      Int(8)
      Int(8)
      Int(37)
      Str("37")
      Int(2)
      Str("2")
      Int(5)
      Str("4")
   Heap:
      

Current Code: (31, Call 144, [rbp - 10])
Current State: 
   RIP: 31
   RBP: 2
   RSP: 0
   RAX: Bool(true)
   Stack:
      PrevRIP(18446744073709551614)
      PrevRBP(0)
      Nothing
      Int(3)
      Int(7)
      Int(8)
      Int(8)
      Int(8)
      Int(37)
      Str("37")
      Int(2)
      Str("2")
      Int(5)
      Str("4")
   Heap:
      

Current Code: (32, Store 11 rax)
Current State: 
   RIP: 32
   RBP: 2
   RSP: 0
   RAX: Str("5")
   Stack:
      PrevRIP(18446744073709551614)
      PrevRBP(0)
      Nothing
      Int(3)
      Int(7)
      Int(8)
      Int(8)
      Int(8)
      Int(37)
      Str("37")
      Int(2)
      Str("2")
      Int(5)
      Str("4")
   Heap:
      

Current Code: (33, Call 1, [rbp - 11])
Current State: 
   RIP: 33
   RBP: 2
   RSP: 0
   RAX: Str("5")
   Stack:
      PrevRIP(18446744073709551614)
      PrevRBP(0)
      Nothing
      Int(3)
      Int(7)
      Int(8)
      Int(8)
      Int(8)
      Int(37)
      Str("37")
      Int(2)
      Str("2")
      Int(5)
      Str("5")
   Heap:
      

Current Code: (34, Call 141, [rbp - 10])
Current State: 
   RIP: 34
   RBP: 2
   RSP: 0
   RAX: Unit
   Stack:
      PrevRIP(18446744073709551614)
      PrevRBP(0)
      Nothing
      Int(3)
      Int(7)
      Int(8)
      Int(8)
      Int(8)
      Int(37)
      Str("37")
      Int(2)
      Str("2")
      Int(5)
      Str("5")
   Heap:
      

Current Code: (35, Goto 29)
Current State: 
   RIP: 35
   RBP: 2
   RSP: 0
   RAX: Unit
   Stack:
      PrevRIP(18446744073709551614)
      PrevRBP(0)
      Nothing
      Int(3)
      Int(7)
      Int(8)
      Int(8)
      Int(8)
      Int(37)
      Str("37")
      Int(2)
      Str("2")
      Int(6)
      Str("5")
   Heap:
      

Current Code: (29, Call 139, [rbp - 10], (i32)6)
Current State: 
   RIP: 29
   RBP: 2
   RSP: 0
   RAX: Unit
   Stack:
      PrevRIP(18446744073709551614)
      PrevRBP(0)
      Nothing
      Int(3)
      Int(7)
      Int(8)
      Int(8)
      Int(8)
      Int(37)
      Str("37")
      Int(2)
      Str("2")
      Int(6)
      Str("5")
   Heap:
      

Current Code: (30, Goto 36 if rax is false)
Current State: 
   RIP: 30
   RBP: 2
   RSP: 0
   RAX: Bool(false)
   Stack:
      PrevRIP(18446744073709551614)
      PrevRBP(0)
      Nothing
      Int(3)
      Int(7)
      Int(8)
      Int(8)
      Int(8)
      Int(37)
      Str("37")
      Int(2)
      Str("2")
      Int(6)
      Str("5")
   Heap:
      

Current Code: (36, Call 141, [rbp - 8])
Current State: 
   RIP: 36
   RBP: 2
   RSP: 0
   RAX: Bool(false)
   Stack:
      PrevRIP(18446744073709551614)
      PrevRBP(0)
      Nothing
      Int(3)
      Int(7)
      Int(8)
      Int(8)
      Int(8)
      Int(37)
      Str("37")
      Int(2)
      Str("2")
      Int(6)
      Str("5")
   Heap:
      

Current Code: (37, Goto 23)
Current State: 
   RIP: 37
   RBP: 2
   RSP: 0
   RAX: Unit
   Stack:
      PrevRIP(18446744073709551614)
      PrevRBP(0)
      Nothing
      Int(3)
      Int(7)
      Int(8)
      Int(8)
      Int(8)
      Int(37)
      Str("37")
      Int(3)
      Str("2")
      Int(6)
      Str("5")
   Heap:
      

Current Code: (23, Call 139, [rbp - 8], (i32)6)
Current State: 
   RIP: 23
   RBP: 2
   RSP: 0
   RAX: Unit
   Stack:
      PrevRIP(18446744073709551614)
      PrevRBP(0)
      Nothing
      Int(3)
      Int(7)
      Int(8)
      Int(8)
      Int(8)
      Int(37)
      Str("37")
      Int(3)
      Str("2")
      Int(6)
      Str("5")
   Heap:
      

Current Code: (24, Goto 38 if rax is false)
Current State: 
   RIP: 24
   RBP: 2
   RSP: 0
   RAX: Bool(true)
   Stack:
      PrevRIP(18446744073709551614)
      PrevRBP(0)
      Nothing
      Int(3)
      Int(7)
      Int(8)
      Int(8)
      Int(8)
      Int(37)
      Str("37")
      Int(3)
      Str("2")
      Int(6)
      Str("5")
   Heap:
      

Current Code: (25, Call 144, [rbp - 8])
Current State: 
   RIP: 25
   RBP: 2
   RSP: 0
   RAX: Bool(true)
   Stack:
      PrevRIP(18446744073709551614)
      PrevRBP(0)
      Nothing
      Int(3)
      Int(7)
      Int(8)
      Int(8)
      Int(8)
      Int(37)
      Str("37")
      Int(3)
      Str("2")
      Int(6)
      Str("5")
   Heap:
      

Current Code: (26, Store 9 rax)
Current State: 
   RIP: 26
   RBP: 2
   RSP: 0
   RAX: Str("3")
   Stack:
      PrevRIP(18446744073709551614)
      PrevRBP(0)
      Nothing
      Int(3)
      Int(7)
      Int(8)
      Int(8)
      Int(8)
      Int(37)
      Str("37")
      Int(3)
      Str("2")
      Int(6)
      Str("5")
   Heap:
      

Current Code: (27, Call 1, [rbp - 9])
Current State: 
   RIP: 27
   RBP: 2
   RSP: 0
   RAX: Str("3")
   Stack:
      PrevRIP(18446744073709551614)
      PrevRBP(0)
      Nothing
      Int(3)
      Int(7)
      Int(8)
      Int(8)
      Int(8)
      Int(37)
      Str("37")
      Int(3)
      Str("3")
      Int(6)
      Str("5")
   Heap:
      

Current Code: (28, Store 10 (i32)1)
Current State: 
   RIP: 28
   RBP: 2
   RSP: 0
   RAX: Unit
   Stack:
      PrevRIP(18446744073709551614)
      PrevRBP(0)
      Nothing
      Int(3)
      Int(7)
      Int(8)
      Int(8)
      Int(8)
      Int(37)
      Str("37")
      Int(3)
      Str("3")
      Int(6)
      Str("5")
   Heap:
      

Current Code: (29, Call 139, [rbp - 10], (i32)6)
Current State: 
   RIP: 29
   RBP: 2
   RSP: 0
   RAX: Unit
   Stack:
      PrevRIP(18446744073709551614)
      PrevRBP(0)
      Nothing
      Int(3)
      Int(7)
      Int(8)
      Int(8)
      Int(8)
      Int(37)
      Str("37")
      Int(3)
      Str("3")
      Int(1)
      Str("5")
   Heap:
      

Current Code: (30, Goto 36 if rax is false)
Current State: 
   RIP: 30
   RBP: 2
   RSP: 0
   RAX: Bool(true)
   Stack:
      PrevRIP(18446744073709551614)
      PrevRBP(0)
      Nothing
      Int(3)
      Int(7)
      Int(8)
      Int(8)
      Int(8)
      Int(37)
      Str("37")
      Int(3)
      Str("3")
      Int(1)
      Str("5")
   Heap:
      

Current Code: (31, Call 144, [rbp - 10])
Current State: 
   RIP: 31
   RBP: 2
   RSP: 0
   RAX: Bool(true)
   Stack:
      PrevRIP(18446744073709551614)
      PrevRBP(0)
      Nothing
      Int(3)
      Int(7)
      Int(8)
      Int(8)
      Int(8)
      Int(37)
      Str("37")
      Int(3)
      Str("3")
      Int(1)
      Str("5")
   Heap:
      

Current Code: (32, Store 11 rax)
Current State: 
   RIP: 32
   RBP: 2
   RSP: 0
   RAX: Str("1")
   Stack:
      PrevRIP(18446744073709551614)
      PrevRBP(0)
      Nothing
      Int(3)
      Int(7)
      Int(8)
      Int(8)
      Int(8)
      Int(37)
      Str("37")
      Int(3)
      Str("3")
      Int(1)
      Str("5")
   Heap:
      

Current Code: (33, Call 1, [rbp - 11])
Current State: 
   RIP: 33
   RBP: 2
   RSP: 0
   RAX: Str("1")
   Stack:
      PrevRIP(18446744073709551614)
      PrevRBP(0)
      Nothing
      Int(3)
      Int(7)
      Int(8)
      Int(8)
      Int(8)
      Int(37)
      Str("37")
      Int(3)
      Str("3")
      Int(1)
      Str("1")
   Heap:
      

Current Code: (34, Call 141, [rbp - 10])
Current State: 
   RIP: 34
   RBP: 2
   RSP: 0
   RAX: Unit
   Stack:
      PrevRIP(18446744073709551614)
      PrevRBP(0)
      Nothing
      Int(3)
      Int(7)
      Int(8)
      Int(8)
      Int(8)
      Int(37)
      Str("37")
      Int(3)
      Str("3")
      Int(1)
      Str("1")
   Heap:
      

Current Code: (35, Goto 29)
Current State: 
   RIP: 35
   RBP: 2
   RSP: 0
   RAX: Unit
   Stack:
      PrevRIP(18446744073709551614)
      PrevRBP(0)
      Nothing
      Int(3)
      Int(7)
      Int(8)
      Int(8)
      Int(8)
      Int(37)
      Str("37")
      Int(3)
      Str("3")
      Int(2)
      Str("1")
   Heap:
      

Current Code: (29, Call 139, [rbp - 10], (i32)6)
Current State: 
   RIP: 29
   RBP: 2
   RSP: 0
   RAX: Unit
   Stack:
      PrevRIP(18446744073709551614)
      PrevRBP(0)
      Nothing
      Int(3)
      Int(7)
      Int(8)
      Int(8)
      Int(8)
      Int(37)
      Str("37")
      Int(3)
      Str("3")
      Int(2)
      Str("1")
   Heap:
      

Current Code: (30, Goto 36 if rax is false)
Current State: 
   RIP: 30
   RBP: 2
   RSP: 0
   RAX: Bool(true)
   Stack:
      PrevRIP(18446744073709551614)
      PrevRBP(0)
      Nothing
      Int(3)
      Int(7)
      Int(8)
      Int(8)
      Int(8)
      Int(37)
      Str("37")
      Int(3)
      Str("3")
      Int(2)
      Str("1")
   Heap:
      

Current Code: (31, Call 144, [rbp - 10])
Current State: 
   RIP: 31
   RBP: 2
   RSP: 0
   RAX: Bool(true)
   Stack:
      PrevRIP(18446744073709551614)
      PrevRBP(0)
      Nothing
      Int(3)
      Int(7)
      Int(8)
      Int(8)
      Int(8)
      Int(37)
      Str("37")
      Int(3)
      Str("3")
      Int(2)
      Str("1")
   Heap:
      

Current Code: (32, Store 11 rax)
Current State: 
   RIP: 32
   RBP: 2
   RSP: 0
   RAX: Str("2")
   Stack:
      PrevRIP(18446744073709551614)
      PrevRBP(0)
      Nothing
      Int(3)
      Int(7)
      Int(8)
      Int(8)
      Int(8)
      Int(37)
      Str("37")
      Int(3)
      Str("3")
      Int(2)
      Str("1")
   Heap:
      

Current Code: (33, Call 1, [rbp - 11])
Current State: 
   RIP: 33
   RBP: 2
   RSP: 0
   RAX: Str("2")
   Stack:
      PrevRIP(18446744073709551614)
      PrevRBP(0)
      Nothing
      Int(3)
      Int(7)
      Int(8)
      Int(8)
      Int(8)
      Int(37)
      Str("37")
      Int(3)
      Str("3")
      Int(2)
      Str("2")
   Heap:
      

Current Code: (34, Call 141, [rbp - 10])
Current State: 
   RIP: 34
   RBP: 2
   RSP: 0
   RAX: Unit
   Stack:
      PrevRIP(18446744073709551614)
      PrevRBP(0)
      Nothing
      Int(3)
      Int(7)
      Int(8)
      Int(8)
      Int(8)
      Int(37)
      Str("37")
      Int(3)
      Str("3")
      Int(2)
      Str("2")
   Heap:
      

Current Code: (35, Goto 29)
Current State: 
   RIP: 35
   RBP: 2
   RSP: 0
   RAX: Unit
   Stack:
      PrevRIP(18446744073709551614)
      PrevRBP(0)
      Nothing
      Int(3)
      Int(7)
      Int(8)
      Int(8)
      Int(8)
      Int(37)
      Str("37")
      Int(3)
      Str("3")
      Int(3)
      Str("2")
   Heap:
      

Current Code: (29, Call 139, [rbp - 10], (i32)6)
Current State: 
   RIP: 29
   RBP: 2
   RSP: 0
   RAX: Unit
   Stack:
      PrevRIP(18446744073709551614)
      PrevRBP(0)
      Nothing
      Int(3)
      Int(7)
      Int(8)
      Int(8)
      Int(8)
      Int(37)
      Str("37")
      Int(3)
      Str("3")
      Int(3)
      Str("2")
   Heap:
      

Current Code: (30, Goto 36 if rax is false)
Current State: 
   RIP: 30
   RBP: 2
   RSP: 0
   RAX: Bool(true)
   Stack:
      PrevRIP(18446744073709551614)
      PrevRBP(0)
      Nothing
      Int(3)
      Int(7)
      Int(8)
      Int(8)
      Int(8)
      Int(37)
      Str("37")
      Int(3)
      Str("3")
      Int(3)
      Str("2")
   Heap:
      

Current Code: (31, Call 144, [rbp - 10])
Current State: 
   RIP: 31
   RBP: 2
   RSP: 0
   RAX: Bool(true)
   Stack:
      PrevRIP(18446744073709551614)
      PrevRBP(0)
      Nothing
      Int(3)
      Int(7)
      Int(8)
      Int(8)
      Int(8)
      Int(37)
      Str("37")
      Int(3)
      Str("3")
      Int(3)
      Str("2")
   Heap:
      

Current Code: (32, Store 11 rax)
Current State: 
   RIP: 32
   RBP: 2
   RSP: 0
   RAX: Str("3")
   Stack:
      PrevRIP(18446744073709551614)
      PrevRBP(0)
      Nothing
      Int(3)
      Int(7)
      Int(8)
      Int(8)
      Int(8)
      Int(37)
      Str("37")
      Int(3)
      Str("3")
      Int(3)
      Str("2")
   Heap:
      

Current Code: (33, Call 1, [rbp - 11])
Current State: 
   RIP: 33
   RBP: 2
   RSP: 0
   RAX: Str("3")
   Stack:
      PrevRIP(18446744073709551614)
      PrevRBP(0)
      Nothing
      Int(3)
      Int(7)
      Int(8)
      Int(8)
      Int(8)
      Int(37)
      Str("37")
      Int(3)
      Str("3")
      Int(3)
      Str("3")
   Heap:
      

Current Code: (34, Call 141, [rbp - 10])
Current State: 
   RIP: 34
   RBP: 2
   RSP: 0
   RAX: Unit
   Stack:
      PrevRIP(18446744073709551614)
      PrevRBP(0)
      Nothing
      Int(3)
      Int(7)
      Int(8)
      Int(8)
      Int(8)
      Int(37)
      Str("37")
      Int(3)
      Str("3")
      Int(3)
      Str("3")
   Heap:
      

Current Code: (35, Goto 29)
Current State: 
   RIP: 35
   RBP: 2
   RSP: 0
   RAX: Unit
   Stack:
      PrevRIP(18446744073709551614)
      PrevRBP(0)
      Nothing
      Int(3)
      Int(7)
      Int(8)
      Int(8)
      Int(8)
      Int(37)
      Str("37")
      Int(3)
      Str("3")
      Int(4)
      Str("3")
   Heap:
      

Current Code: (29, Call 139, [rbp - 10], (i32)6)
Current State: 
   RIP: 29
   RBP: 2
   RSP: 0
   RAX: Unit
   Stack:
      PrevRIP(18446744073709551614)
      PrevRBP(0)
      Nothing
      Int(3)
      Int(7)
      Int(8)
      Int(8)
      Int(8)
      Int(37)
      Str("37")
      Int(3)
      Str("3")
      Int(4)
      Str("3")
   Heap:
      

Current Code: (30, Goto 36 if rax is false)
Current State: 
   RIP: 30
   RBP: 2
   RSP: 0
   RAX: Bool(true)
   Stack:
      PrevRIP(18446744073709551614)
      PrevRBP(0)
      Nothing
      Int(3)
      Int(7)
      Int(8)
      Int(8)
      Int(8)
      Int(37)
      Str("37")
      Int(3)
      Str("3")
      Int(4)
      Str("3")
   Heap:
      

Current Code: (31, Call 144, [rbp - 10])
Current State: 
   RIP: 31
   RBP: 2
   RSP: 0
   RAX: Bool(true)
   Stack:
      PrevRIP(18446744073709551614)
      PrevRBP(0)
      Nothing
      Int(3)
      Int(7)
      Int(8)
      Int(8)
      Int(8)
      Int(37)
      Str("37")
      Int(3)
      Str("3")
      Int(4)
      Str("3")
   Heap:
      

Current Code: (32, Store 11 rax)
Current State: 
   RIP: 32
   RBP: 2
   RSP: 0
   RAX: Str("4")
   Stack:
      PrevRIP(18446744073709551614)
      PrevRBP(0)
      Nothing
      Int(3)
      Int(7)
      Int(8)
      Int(8)
      Int(8)
      Int(37)
      Str("37")
      Int(3)
      Str("3")
      Int(4)
      Str("3")
   Heap:
      

Current Code: (33, Call 1, [rbp - 11])
Current State: 
   RIP: 33
   RBP: 2
   RSP: 0
   RAX: Str("4")
   Stack:
      PrevRIP(18446744073709551614)
      PrevRBP(0)
      Nothing
      Int(3)
      Int(7)
      Int(8)
      Int(8)
      Int(8)
      Int(37)
      Str("37")
      Int(3)
      Str("3")
      Int(4)
      Str("4")
   Heap:
      

Current Code: (34, Call 141, [rbp - 10])
Current State: 
   RIP: 34
   RBP: 2
   RSP: 0
   RAX: Unit
   Stack:
      PrevRIP(18446744073709551614)
      PrevRBP(0)
      Nothing
      Int(3)
      Int(7)
      Int(8)
      Int(8)
      Int(8)
      Int(37)
      Str("37")
      Int(3)
      Str("3")
      Int(4)
      Str("4")
   Heap:
      

Current Code: (35, Goto 29)
Current State: 
   RIP: 35
   RBP: 2
   RSP: 0
   RAX: Unit
   Stack:
      PrevRIP(18446744073709551614)
      PrevRBP(0)
      Nothing
      Int(3)
      Int(7)
      Int(8)
      Int(8)
      Int(8)
      Int(37)
      Str("37")
      Int(3)
      Str("3")
      Int(5)
      Str("4")
   Heap:
      

Current Code: (29, Call 139, [rbp - 10], (i32)6)
Current State: 
   RIP: 29
   RBP: 2
   RSP: 0
   RAX: Unit
   Stack:
      PrevRIP(18446744073709551614)
      PrevRBP(0)
      Nothing
      Int(3)
      Int(7)
      Int(8)
      Int(8)
      Int(8)
      Int(37)
      Str("37")
      Int(3)
      Str("3")
      Int(5)
      Str("4")
   Heap:
      

Current Code: (30, Goto 36 if rax is false)
Current State: 
   RIP: 30
   RBP: 2
   RSP: 0
   RAX: Bool(true)
   Stack:
      PrevRIP(18446744073709551614)
      PrevRBP(0)
      Nothing
      Int(3)
      Int(7)
      Int(8)
      Int(8)
      Int(8)
      Int(37)
      Str("37")
      Int(3)
      Str("3")
      Int(5)
      Str("4")
   Heap:
      

Current Code: (31, Call 144, [rbp - 10])
Current State: 
   RIP: 31
   RBP: 2
   RSP: 0
   RAX: Bool(true)
   Stack:
      PrevRIP(18446744073709551614)
      PrevRBP(0)
      Nothing
      Int(3)
      Int(7)
      Int(8)
      Int(8)
      Int(8)
      Int(37)
      Str("37")
      Int(3)
      Str("3")
      Int(5)
      Str("4")
   Heap:
      

Current Code: (32, Store 11 rax)
Current State: 
   RIP: 32
   RBP: 2
   RSP: 0
   RAX: Str("5")
   Stack:
      PrevRIP(18446744073709551614)
      PrevRBP(0)
      Nothing
      Int(3)
      Int(7)
      Int(8)
      Int(8)
      Int(8)
      Int(37)
      Str("37")
      Int(3)
      Str("3")
      Int(5)
      Str("4")
   Heap:
      

Current Code: (33, Call 1, [rbp - 11])
Current State: 
   RIP: 33
   RBP: 2
   RSP: 0
   RAX: Str("5")
   Stack:
      PrevRIP(18446744073709551614)
      PrevRBP(0)
      Nothing
      Int(3)
      Int(7)
      Int(8)
      Int(8)
      Int(8)
      Int(37)
      Str("37")
      Int(3)
      Str("3")
      Int(5)
      Str("5")
   Heap:
      

Current Code: (34, Call 141, [rbp - 10])
Current State: 
   RIP: 34
   RBP: 2
   RSP: 0
   RAX: Unit
   Stack:
      PrevRIP(18446744073709551614)
      PrevRBP(0)
      Nothing
      Int(3)
      Int(7)
      Int(8)
      Int(8)
      Int(8)
      Int(37)
      Str("37")
      Int(3)
      Str("3")
      Int(5)
      Str("5")
   Heap:
      

Current Code: (35, Goto 29)
Current State: 
   RIP: 35
   RBP: 2
   RSP: 0
   RAX: Unit
   Stack:
      PrevRIP(18446744073709551614)
      PrevRBP(0)
      Nothing
      Int(3)
      Int(7)
      Int(8)
      Int(8)
      Int(8)
      Int(37)
      Str("37")
      Int(3)
      Str("3")
      Int(6)
      Str("5")
   Heap:
      

Current Code: (29, Call 139, [rbp - 10], (i32)6)
Current State: 
   RIP: 29
   RBP: 2
   RSP: 0
   RAX: Unit
   Stack:
      PrevRIP(18446744073709551614)
      PrevRBP(0)
      Nothing
      Int(3)
      Int(7)
      Int(8)
      Int(8)
      Int(8)
      Int(37)
      Str("37")
      Int(3)
      Str("3")
      Int(6)
      Str("5")
   Heap:
      

Current Code: (30, Goto 36 if rax is false)
Current State: 
   RIP: 30
   RBP: 2
   RSP: 0
   RAX: Bool(false)
   Stack:
      PrevRIP(18446744073709551614)
      PrevRBP(0)
      Nothing
      Int(3)
      Int(7)
      Int(8)
      Int(8)
      Int(8)
      Int(37)
      Str("37")
      Int(3)
      Str("3")
      Int(6)
      Str("5")
   Heap:
      

Current Code: (36, Call 141, [rbp - 8])
Current State: 
   RIP: 36
   RBP: 2
   RSP: 0
   RAX: Bool(false)
   Stack:
      PrevRIP(18446744073709551614)
      PrevRBP(0)
      Nothing
      Int(3)
      Int(7)
      Int(8)
      Int(8)
      Int(8)
      Int(37)
      Str("37")
      Int(3)
      Str("3")
      Int(6)
      Str("5")
   Heap:
      

Current Code: (37, Goto 23)
Current State: 
   RIP: 37
   RBP: 2
   RSP: 0
   RAX: Unit
   Stack:
      PrevRIP(18446744073709551614)
      PrevRBP(0)
      Nothing
      Int(3)
      Int(7)
      Int(8)
      Int(8)
      Int(8)
      Int(37)
      Str("37")
      Int(4)
      Str("3")
      Int(6)
      Str("5")
   Heap:
      

Current Code: (23, Call 139, [rbp - 8], (i32)6)
Current State: 
   RIP: 23
   RBP: 2
   RSP: 0
   RAX: Unit
   Stack:
      PrevRIP(18446744073709551614)
      PrevRBP(0)
      Nothing
      Int(3)
      Int(7)
      Int(8)
      Int(8)
      Int(8)
      Int(37)
      Str("37")
      Int(4)
      Str("3")
      Int(6)
      Str("5")
   Heap:
      

Current Code: (24, Goto 38 if rax is false)
Current State: 
   RIP: 24
   RBP: 2
   RSP: 0
   RAX: Bool(true)
   Stack:
      PrevRIP(18446744073709551614)
      PrevRBP(0)
      Nothing
      Int(3)
      Int(7)
      Int(8)
      Int(8)
      Int(8)
      Int(37)
      Str("37")
      Int(4)
      Str("3")
      Int(6)
      Str("5")
   Heap:
      

Current Code: (25, Call 144, [rbp - 8])
Current State: 
   RIP: 25
   RBP: 2
   RSP: 0
   RAX: Bool(true)
   Stack:
      PrevRIP(18446744073709551614)
      PrevRBP(0)
      Nothing
      Int(3)
      Int(7)
      Int(8)
      Int(8)
      Int(8)
      Int(37)
      Str("37")
      Int(4)
      Str("3")
      Int(6)
      Str("5")
   Heap:
      

Current Code: (26, Store 9 rax)
Current State: 
   RIP: 26
   RBP: 2
   RSP: 0
   RAX: Str("4")
   Stack:
      PrevRIP(18446744073709551614)
      PrevRBP(0)
      Nothing
      Int(3)
      Int(7)
      Int(8)
      Int(8)
      Int(8)
      Int(37)
      Str("37")
      Int(4)
      Str("3")
      Int(6)
      Str("5")
   Heap:
      

Current Code: (27, Call 1, [rbp - 9])
Current State: 
   RIP: 27
   RBP: 2
   RSP: 0
   RAX: Str("4")
   Stack:
      PrevRIP(18446744073709551614)
      PrevRBP(0)
      Nothing
      Int(3)
      Int(7)
      Int(8)
      Int(8)
      Int(8)
      Int(37)
      Str("37")
      Int(4)
      Str("4")
      Int(6)
      Str("5")
   Heap:
      

Current Code: (28, Store 10 (i32)1)
Current State: 
   RIP: 28
   RBP: 2
   RSP: 0
   RAX: Unit
   Stack:
      PrevRIP(18446744073709551614)
      PrevRBP(0)
      Nothing
      Int(3)
      Int(7)
      Int(8)
      Int(8)
      Int(8)
      Int(37)
      Str("37")
      Int(4)
      Str("4")
      Int(6)
      Str("5")
   Heap:
      

Current Code: (29, Call 139, [rbp - 10], (i32)6)
Current State: 
   RIP: 29
   RBP: 2
   RSP: 0
   RAX: Unit
   Stack:
      PrevRIP(18446744073709551614)
      PrevRBP(0)
      Nothing
      Int(3)
      Int(7)
      Int(8)
      Int(8)
      Int(8)
      Int(37)
      Str("37")
      Int(4)
      Str("4")
      Int(1)
      Str("5")
   Heap:
      

Current Code: (30, Goto 36 if rax is false)
Current State: 
   RIP: 30
   RBP: 2
   RSP: 0
   RAX: Bool(true)
   Stack:
      PrevRIP(18446744073709551614)
      PrevRBP(0)
      Nothing
      Int(3)
      Int(7)
      Int(8)
      Int(8)
      Int(8)
      Int(37)
      Str("37")
      Int(4)
      Str("4")
      Int(1)
      Str("5")
   Heap:
      

Current Code: (31, Call 144, [rbp - 10])
Current State: 
   RIP: 31
   RBP: 2
   RSP: 0
   RAX: Bool(true)
   Stack:
      PrevRIP(18446744073709551614)
      PrevRBP(0)
      Nothing
      Int(3)
      Int(7)
      Int(8)
      Int(8)
      Int(8)
      Int(37)
      Str("37")
      Int(4)
      Str("4")
      Int(1)
      Str("5")
   Heap:
      

Current Code: (32, Store 11 rax)
Current State: 
   RIP: 32
   RBP: 2
   RSP: 0
   RAX: Str("1")
   Stack:
      PrevRIP(18446744073709551614)
      PrevRBP(0)
      Nothing
      Int(3)
      Int(7)
      Int(8)
      Int(8)
      Int(8)
      Int(37)
      Str("37")
      Int(4)
      Str("4")
      Int(1)
      Str("5")
   Heap:
      

Current Code: (33, Call 1, [rbp - 11])
Current State: 
   RIP: 33
   RBP: 2
   RSP: 0
   RAX: Str("1")
   Stack:
      PrevRIP(18446744073709551614)
      PrevRBP(0)
      Nothing
      Int(3)
      Int(7)
      Int(8)
      Int(8)
      Int(8)
      Int(37)
      Str("37")
      Int(4)
      Str("4")
      Int(1)
      Str("1")
   Heap:
      

Current Code: (34, Call 141, [rbp - 10])
Current State: 
   RIP: 34
   RBP: 2
   RSP: 0
   RAX: Unit
   Stack:
      PrevRIP(18446744073709551614)
      PrevRBP(0)
      Nothing
      Int(3)
      Int(7)
      Int(8)
      Int(8)
      Int(8)
      Int(37)
      Str("37")
      Int(4)
      Str("4")
      Int(1)
      Str("1")
   Heap:
      

Current Code: (35, Goto 29)
Current State: 
   RIP: 35
   RBP: 2
   RSP: 0
   RAX: Unit
   Stack:
      PrevRIP(18446744073709551614)
      PrevRBP(0)
      Nothing
      Int(3)
      Int(7)
      Int(8)
      Int(8)
      Int(8)
      Int(37)
      Str("37")
      Int(4)
      Str("4")
      Int(2)
      Str("1")
   Heap:
      

Current Code: (29, Call 139, [rbp - 10], (i32)6)
Current State: 
   RIP: 29
   RBP: 2
   RSP: 0
   RAX: Unit
   Stack:
      PrevRIP(18446744073709551614)
      PrevRBP(0)
      Nothing
      Int(3)
      Int(7)
      Int(8)
      Int(8)
      Int(8)
      Int(37)
      Str("37")
      Int(4)
      Str("4")
      Int(2)
      Str("1")
   Heap:
      

Current Code: (30, Goto 36 if rax is false)
Current State: 
   RIP: 30
   RBP: 2
   RSP: 0
   RAX: Bool(true)
   Stack:
      PrevRIP(18446744073709551614)
      PrevRBP(0)
      Nothing
      Int(3)
      Int(7)
      Int(8)
      Int(8)
      Int(8)
      Int(37)
      Str("37")
      Int(4)
      Str("4")
      Int(2)
      Str("1")
   Heap:
      

Current Code: (31, Call 144, [rbp - 10])
Current State: 
   RIP: 31
   RBP: 2
   RSP: 0
   RAX: Bool(true)
   Stack:
      PrevRIP(18446744073709551614)
      PrevRBP(0)
      Nothing
      Int(3)
      Int(7)
      Int(8)
      Int(8)
      Int(8)
      Int(37)
      Str("37")
      Int(4)
      Str("4")
      Int(2)
      Str("1")
   Heap:
      

Current Code: (32, Store 11 rax)
Current State: 
   RIP: 32
   RBP: 2
   RSP: 0
   RAX: Str("2")
   Stack:
      PrevRIP(18446744073709551614)
      PrevRBP(0)
      Nothing
      Int(3)
      Int(7)
      Int(8)
      Int(8)
      Int(8)
      Int(37)
      Str("37")
      Int(4)
      Str("4")
      Int(2)
      Str("1")
   Heap:
      

Current Code: (33, Call 1, [rbp - 11])
Current State: 
   RIP: 33
   RBP: 2
   RSP: 0
   RAX: Str("2")
   Stack:
      PrevRIP(18446744073709551614)
      PrevRBP(0)
      Nothing
      Int(3)
      Int(7)
      Int(8)
      Int(8)
      Int(8)
      Int(37)
      Str("37")
      Int(4)
      Str("4")
      Int(2)
      Str("2")
   Heap:
      

Current Code: (34, Call 141, [rbp - 10])
Current State: 
   RIP: 34
   RBP: 2
   RSP: 0
   RAX: Unit
   Stack:
      PrevRIP(18446744073709551614)
      PrevRBP(0)
      Nothing
      Int(3)
      Int(7)
      Int(8)
      Int(8)
      Int(8)
      Int(37)
      Str("37")
      Int(4)
      Str("4")
      Int(2)
      Str("2")
   Heap:
      

Current Code: (35, Goto 29)
Current State: 
   RIP: 35
   RBP: 2
   RSP: 0
   RAX: Unit
   Stack:
      PrevRIP(18446744073709551614)
      PrevRBP(0)
      Nothing
      Int(3)
      Int(7)
      Int(8)
      Int(8)
      Int(8)
      Int(37)
      Str("37")
      Int(4)
      Str("4")
      Int(3)
      Str("2")
   Heap:
      

Current Code: (29, Call 139, [rbp - 10], (i32)6)
Current State: 
   RIP: 29
   RBP: 2
   RSP: 0
   RAX: Unit
   Stack:
      PrevRIP(18446744073709551614)
      PrevRBP(0)
      Nothing
      Int(3)
      Int(7)
      Int(8)
      Int(8)
      Int(8)
      Int(37)
      Str("37")
      Int(4)
      Str("4")
      Int(3)
      Str("2")
   Heap:
      

Current Code: (30, Goto 36 if rax is false)
Current State: 
   RIP: 30
   RBP: 2
   RSP: 0
   RAX: Bool(true)
   Stack:
      PrevRIP(18446744073709551614)
      PrevRBP(0)
      Nothing
      Int(3)
      Int(7)
      Int(8)
      Int(8)
      Int(8)
      Int(37)
      Str("37")
      Int(4)
      Str("4")
      Int(3)
      Str("2")
   Heap:
      

Current Code: (31, Call 144, [rbp - 10])
Current State: 
   RIP: 31
   RBP: 2
   RSP: 0
   RAX: Bool(true)
   Stack:
      PrevRIP(18446744073709551614)
      PrevRBP(0)
      Nothing
      Int(3)
      Int(7)
      Int(8)
      Int(8)
      Int(8)
      Int(37)
      Str("37")
      Int(4)
      Str("4")
      Int(3)
      Str("2")
   Heap:
      

Current Code: (32, Store 11 rax)
Current State: 
   RIP: 32
   RBP: 2
   RSP: 0
   RAX: Str("3")
   Stack:
      PrevRIP(18446744073709551614)
      PrevRBP(0)
      Nothing
      Int(3)
      Int(7)
      Int(8)
      Int(8)
      Int(8)
      Int(37)
      Str("37")
      Int(4)
      Str("4")
      Int(3)
      Str("2")
   Heap:
      

Current Code: (33, Call 1, [rbp - 11])
Current State: 
   RIP: 33
   RBP: 2
   RSP: 0
   RAX: Str("3")
   Stack:
      PrevRIP(18446744073709551614)
      PrevRBP(0)
      Nothing
      Int(3)
      Int(7)
      Int(8)
      Int(8)
      Int(8)
      Int(37)
      Str("37")
      Int(4)
      Str("4")
      Int(3)
      Str("3")
   Heap:
      

Current Code: (34, Call 141, [rbp - 10])
Current State: 
   RIP: 34
   RBP: 2
   RSP: 0
   RAX: Unit
   Stack:
      PrevRIP(18446744073709551614)
      PrevRBP(0)
      Nothing
      Int(3)
      Int(7)
      Int(8)
      Int(8)
      Int(8)
      Int(37)
      Str("37")
      Int(4)
      Str("4")
      Int(3)
      Str("3")
   Heap:
      

Current Code: (35, Goto 29)
Current State: 
   RIP: 35
   RBP: 2
   RSP: 0
   RAX: Unit
   Stack:
      PrevRIP(18446744073709551614)
      PrevRBP(0)
      Nothing
      Int(3)
      Int(7)
      Int(8)
      Int(8)
      Int(8)
      Int(37)
      Str("37")
      Int(4)
      Str("4")
      Int(4)
      Str("3")
   Heap:
      

Current Code: (29, Call 139, [rbp - 10], (i32)6)
Current State: 
   RIP: 29
   RBP: 2
   RSP: 0
   RAX: Unit
   Stack:
      PrevRIP(18446744073709551614)
      PrevRBP(0)
      Nothing
      Int(3)
      Int(7)
      Int(8)
      Int(8)
      Int(8)
      Int(37)
      Str("37")
      Int(4)
      Str("4")
      Int(4)
      Str("3")
   Heap:
      

Current Code: (30, Goto 36 if rax is false)
Current State: 
   RIP: 30
   RBP: 2
   RSP: 0
   RAX: Bool(true)
   Stack:
      PrevRIP(18446744073709551614)
      PrevRBP(0)
      Nothing
      Int(3)
      Int(7)
      Int(8)
      Int(8)
      Int(8)
      Int(37)
      Str("37")
      Int(4)
      Str("4")
      Int(4)
      Str("3")
   Heap:
      

Current Code: (31, Call 144, [rbp - 10])
Current State: 
   RIP: 31
   RBP: 2
   RSP: 0
   RAX: Bool(true)
   Stack:
      PrevRIP(18446744073709551614)
      PrevRBP(0)
      Nothing
      Int(3)
      Int(7)
      Int(8)
      Int(8)
      Int(8)
      Int(37)
      Str("37")
      Int(4)
      Str("4")
      Int(4)
      Str("3")
   Heap:
      

Current Code: (32, Store 11 rax)
Current State: 
   RIP: 32
   RBP: 2
   RSP: 0
   RAX: Str("4")
   Stack:
      PrevRIP(18446744073709551614)
      PrevRBP(0)
      Nothing
      Int(3)
      Int(7)
      Int(8)
      Int(8)
      Int(8)
      Int(37)
      Str("37")
      Int(4)
      Str("4")
      Int(4)
      Str("3")
   Heap:
      

Current Code: (33, Call 1, [rbp - 11])
Current State: 
   RIP: 33
   RBP: 2
   RSP: 0
   RAX: Str("4")
   Stack:
      PrevRIP(18446744073709551614)
      PrevRBP(0)
      Nothing
      Int(3)
      Int(7)
      Int(8)
      Int(8)
      Int(8)
      Int(37)
      Str("37")
      Int(4)
      Str("4")
      Int(4)
      Str("4")
   Heap:
      

Current Code: (34, Call 141, [rbp - 10])
Current State: 
   RIP: 34
   RBP: 2
   RSP: 0
   RAX: Unit
   Stack:
      PrevRIP(18446744073709551614)
      PrevRBP(0)
      Nothing
      Int(3)
      Int(7)
      Int(8)
      Int(8)
      Int(8)
      Int(37)
      Str("37")
      Int(4)
      Str("4")
      Int(4)
      Str("4")
   Heap:
      

Current Code: (35, Goto 29)
Current State: 
   RIP: 35
   RBP: 2
   RSP: 0
   RAX: Unit
   Stack:
      PrevRIP(18446744073709551614)
      PrevRBP(0)
      Nothing
      Int(3)
      Int(7)
      Int(8)
      Int(8)
      Int(8)
      Int(37)
      Str("37")
      Int(4)
      Str("4")
      Int(5)
      Str("4")
   Heap:
      

Current Code: (29, Call 139, [rbp - 10], (i32)6)
Current State: 
   RIP: 29
   RBP: 2
   RSP: 0
   RAX: Unit
   Stack:
      PrevRIP(18446744073709551614)
      PrevRBP(0)
      Nothing
      Int(3)
      Int(7)
      Int(8)
      Int(8)
      Int(8)
      Int(37)
      Str("37")
      Int(4)
      Str("4")
      Int(5)
      Str("4")
   Heap:
      

Current Code: (30, Goto 36 if rax is false)
Current State: 
   RIP: 30
   RBP: 2
   RSP: 0
   RAX: Bool(true)
   Stack:
      PrevRIP(18446744073709551614)
      PrevRBP(0)
      Nothing
      Int(3)
      Int(7)
      Int(8)
      Int(8)
      Int(8)
      Int(37)
      Str("37")
      Int(4)
      Str("4")
      Int(5)
      Str("4")
   Heap:
      

Current Code: (31, Call 144, [rbp - 10])
Current State: 
   RIP: 31
   RBP: 2
   RSP: 0
   RAX: Bool(true)
   Stack:
      PrevRIP(18446744073709551614)
      PrevRBP(0)
      Nothing
      Int(3)
      Int(7)
      Int(8)
      Int(8)
      Int(8)
      Int(37)
      Str("37")
      Int(4)
      Str("4")
      Int(5)
      Str("4")
   Heap:
      

Current Code: (32, Store 11 rax)
Current State: 
   RIP: 32
   RBP: 2
   RSP: 0
   RAX: Str("5")
   Stack:
      PrevRIP(18446744073709551614)
      PrevRBP(0)
      Nothing
      Int(3)
      Int(7)
      Int(8)
      Int(8)
      Int(8)
      Int(37)
      Str("37")
      Int(4)
      Str("4")
      Int(5)
      Str("4")
   Heap:
      

Current Code: (33, Call 1, [rbp - 11])
Current State: 
   RIP: 33
   RBP: 2
   RSP: 0
   RAX: Str("5")
   Stack:
      PrevRIP(18446744073709551614)
      PrevRBP(0)
      Nothing
      Int(3)
      Int(7)
      Int(8)
      Int(8)
      Int(8)
      Int(37)
      Str("37")
      Int(4)
      Str("4")
      Int(5)
      Str("5")
   Heap:
      

Current Code: (34, Call 141, [rbp - 10])
Current State: 
   RIP: 34
   RBP: 2
   RSP: 0
   RAX: Unit
   Stack:
      PrevRIP(18446744073709551614)
      PrevRBP(0)
      Nothing
      Int(3)
      Int(7)
      Int(8)
      Int(8)
      Int(8)
      Int(37)
      Str("37")
      Int(4)
      Str("4")
      Int(5)
      Str("5")
   Heap:
      

Current Code: (35, Goto 29)
Current State: 
   RIP: 35
   RBP: 2
   RSP: 0
   RAX: Unit
   Stack:
      PrevRIP(18446744073709551614)
      PrevRBP(0)
      Nothing
      Int(3)
      Int(7)
      Int(8)
      Int(8)
      Int(8)
      Int(37)
      Str("37")
      Int(4)
      Str("4")
      Int(6)
      Str("5")
   Heap:
      

Current Code: (29, Call 139, [rbp - 10], (i32)6)
Current State: 
   RIP: 29
   RBP: 2
   RSP: 0
   RAX: Unit
   Stack:
      PrevRIP(18446744073709551614)
      PrevRBP(0)
      Nothing
      Int(3)
      Int(7)
      Int(8)
      Int(8)
      Int(8)
      Int(37)
      Str("37")
      Int(4)
      Str("4")
      Int(6)
      Str("5")
   Heap:
      

Current Code: (30, Goto 36 if rax is false)
Current State: 
   RIP: 30
   RBP: 2
   RSP: 0
   RAX: Bool(false)
   Stack:
      PrevRIP(18446744073709551614)
      PrevRBP(0)
      Nothing
      Int(3)
      Int(7)
      Int(8)
      Int(8)
      Int(8)
      Int(37)
      Str("37")
      Int(4)
      Str("4")
      Int(6)
      Str("5")
   Heap:
      

Current Code: (36, Call 141, [rbp - 8])
Current State: 
   RIP: 36
   RBP: 2
   RSP: 0
   RAX: Bool(false)
   Stack:
      PrevRIP(18446744073709551614)
      PrevRBP(0)
      Nothing
      Int(3)
      Int(7)
      Int(8)
      Int(8)
      Int(8)
      Int(37)
      Str("37")
      Int(4)
      Str("4")
      Int(6)
      Str("5")
   Heap:
      

Current Code: (37, Goto 23)
Current State: 
   RIP: 37
   RBP: 2
   RSP: 0
   RAX: Unit
   Stack:
      PrevRIP(18446744073709551614)
      PrevRBP(0)
      Nothing
      Int(3)
      Int(7)
      Int(8)
      Int(8)
      Int(8)
      Int(37)
      Str("37")
      Int(5)
      Str("4")
      Int(6)
      Str("5")
   Heap:
      

Current Code: (23, Call 139, [rbp - 8], (i32)6)
Current State: 
   RIP: 23
   RBP: 2
   RSP: 0
   RAX: Unit
   Stack:
      PrevRIP(18446744073709551614)
      PrevRBP(0)
      Nothing
      Int(3)
      Int(7)
      Int(8)
      Int(8)
      Int(8)
      Int(37)
      Str("37")
      Int(5)
      Str("4")
      Int(6)
      Str("5")
   Heap:
      

Current Code: (24, Goto 38 if rax is false)
Current State: 
   RIP: 24
   RBP: 2
   RSP: 0
   RAX: Bool(true)
   Stack:
      PrevRIP(18446744073709551614)
      PrevRBP(0)
      Nothing
      Int(3)
      Int(7)
      Int(8)
      Int(8)
      Int(8)
      Int(37)
      Str("37")
      Int(5)
      Str("4")
      Int(6)
      Str("5")
   Heap:
      

Current Code: (25, Call 144, [rbp - 8])
Current State: 
   RIP: 25
   RBP: 2
   RSP: 0
   RAX: Bool(true)
   Stack:
      PrevRIP(18446744073709551614)
      PrevRBP(0)
      Nothing
      Int(3)
      Int(7)
      Int(8)
      Int(8)
      Int(8)
      Int(37)
      Str("37")
      Int(5)
      Str("4")
      Int(6)
      Str("5")
   Heap:
      

Current Code: (26, Store 9 rax)
Current State: 
   RIP: 26
   RBP: 2
   RSP: 0
   RAX: Str("5")
   Stack:
      PrevRIP(18446744073709551614)
      PrevRBP(0)
      Nothing
      Int(3)
      Int(7)
      Int(8)
      Int(8)
      Int(8)
      Int(37)
      Str("37")
      Int(5)
      Str("4")
      Int(6)
      Str("5")
   Heap:
      

Current Code: (27, Call 1, [rbp - 9])
Current State: 
   RIP: 27
   RBP: 2
   RSP: 0
   RAX: Str("5")
   Stack:
      PrevRIP(18446744073709551614)
      PrevRBP(0)
      Nothing
      Int(3)
      Int(7)
      Int(8)
      Int(8)
      Int(8)
      Int(37)
      Str("37")
      Int(5)
      Str("5")
      Int(6)
      Str("5")
   Heap:
      

Current Code: (28, Store 10 (i32)1)
Current State: 
   RIP: 28
   RBP: 2
   RSP: 0
   RAX: Unit
   Stack:
      PrevRIP(18446744073709551614)
      PrevRBP(0)
      Nothing
      Int(3)
      Int(7)
      Int(8)
      Int(8)
      Int(8)
      Int(37)
      Str("37")
      Int(5)
      Str("5")
      Int(6)
      Str("5")
   Heap:
      

Current Code: (29, Call 139, [rbp - 10], (i32)6)
Current State: 
   RIP: 29
   RBP: 2
   RSP: 0
   RAX: Unit
   Stack:
      PrevRIP(18446744073709551614)
      PrevRBP(0)
      Nothing
      Int(3)
      Int(7)
      Int(8)
      Int(8)
      Int(8)
      Int(37)
      Str("37")
      Int(5)
      Str("5")
      Int(1)
      Str("5")
   Heap:
      

Current Code: (30, Goto 36 if rax is false)
Current State: 
   RIP: 30
   RBP: 2
   RSP: 0
   RAX: Bool(true)
   Stack:
      PrevRIP(18446744073709551614)
      PrevRBP(0)
      Nothing
      Int(3)
      Int(7)
      Int(8)
      Int(8)
      Int(8)
      Int(37)
      Str("37")
      Int(5)
      Str("5")
      Int(1)
      Str("5")
   Heap:
      

Current Code: (31, Call 144, [rbp - 10])
Current State: 
   RIP: 31
   RBP: 2
   RSP: 0
   RAX: Bool(true)
   Stack:
      PrevRIP(18446744073709551614)
      PrevRBP(0)
      Nothing
      Int(3)
      Int(7)
      Int(8)
      Int(8)
      Int(8)
      Int(37)
      Str("37")
      Int(5)
      Str("5")
      Int(1)
      Str("5")
   Heap:
      

Current Code: (32, Store 11 rax)
Current State: 
   RIP: 32
   RBP: 2
   RSP: 0
   RAX: Str("1")
   Stack:
      PrevRIP(18446744073709551614)
      PrevRBP(0)
      Nothing
      Int(3)
      Int(7)
      Int(8)
      Int(8)
      Int(8)
      Int(37)
      Str("37")
      Int(5)
      Str("5")
      Int(1)
      Str("5")
   Heap:
      

Current Code: (33, Call 1, [rbp - 11])
Current State: 
   RIP: 33
   RBP: 2
   RSP: 0
   RAX: Str("1")
   Stack:
      PrevRIP(18446744073709551614)
      PrevRBP(0)
      Nothing
      Int(3)
      Int(7)
      Int(8)
      Int(8)
      Int(8)
      Int(37)
      Str("37")
      Int(5)
      Str("5")
      Int(1)
      Str("1")
   Heap:
      

Current Code: (34, Call 141, [rbp - 10])
Current State: 
   RIP: 34
   RBP: 2
   RSP: 0
   RAX: Unit
   Stack:
      PrevRIP(18446744073709551614)
      PrevRBP(0)
      Nothing
      Int(3)
      Int(7)
      Int(8)
      Int(8)
      Int(8)
      Int(37)
      Str("37")
      Int(5)
      Str("5")
      Int(1)
      Str("1")
   Heap:
      

Current Code: (35, Goto 29)
Current State: 
   RIP: 35
   RBP: 2
   RSP: 0
   RAX: Unit
   Stack:
      PrevRIP(18446744073709551614)
      PrevRBP(0)
      Nothing
      Int(3)
      Int(7)
      Int(8)
      Int(8)
      Int(8)
      Int(37)
      Str("37")
      Int(5)
      Str("5")
      Int(2)
      Str("1")
   Heap:
      

Current Code: (29, Call 139, [rbp - 10], (i32)6)
Current State: 
   RIP: 29
   RBP: 2
   RSP: 0
   RAX: Unit
   Stack:
      PrevRIP(18446744073709551614)
      PrevRBP(0)
      Nothing
      Int(3)
      Int(7)
      Int(8)
      Int(8)
      Int(8)
      Int(37)
      Str("37")
      Int(5)
      Str("5")
      Int(2)
      Str("1")
   Heap:
      

Current Code: (30, Goto 36 if rax is false)
Current State: 
   RIP: 30
   RBP: 2
   RSP: 0
   RAX: Bool(true)
   Stack:
      PrevRIP(18446744073709551614)
      PrevRBP(0)
      Nothing
      Int(3)
      Int(7)
      Int(8)
      Int(8)
      Int(8)
      Int(37)
      Str("37")
      Int(5)
      Str("5")
      Int(2)
      Str("1")
   Heap:
      

Current Code: (31, Call 144, [rbp - 10])
Current State: 
   RIP: 31
   RBP: 2
   RSP: 0
   RAX: Bool(true)
   Stack:
      PrevRIP(18446744073709551614)
      PrevRBP(0)
      Nothing
      Int(3)
      Int(7)
      Int(8)
      Int(8)
      Int(8)
      Int(37)
      Str("37")
      Int(5)
      Str("5")
      Int(2)
      Str("1")
   Heap:
      

Current Code: (32, Store 11 rax)
Current State: 
   RIP: 32
   RBP: 2
   RSP: 0
   RAX: Str("2")
   Stack:
      PrevRIP(18446744073709551614)
      PrevRBP(0)
      Nothing
      Int(3)
      Int(7)
      Int(8)
      Int(8)
      Int(8)
      Int(37)
      Str("37")
      Int(5)
      Str("5")
      Int(2)
      Str("1")
   Heap:
      

Current Code: (33, Call 1, [rbp - 11])
Current State: 
   RIP: 33
   RBP: 2
   RSP: 0
   RAX: Str("2")
   Stack:
      PrevRIP(18446744073709551614)
      PrevRBP(0)
      Nothing
      Int(3)
      Int(7)
      Int(8)
      Int(8)
      Int(8)
      Int(37)
      Str("37")
      Int(5)
      Str("5")
      Int(2)
      Str("2")
   Heap:
      

Current Code: (34, Call 141, [rbp - 10])
Current State: 
   RIP: 34
   RBP: 2
   RSP: 0
   RAX: Unit
   Stack:
      PrevRIP(18446744073709551614)
      PrevRBP(0)
      Nothing
      Int(3)
      Int(7)
      Int(8)
      Int(8)
      Int(8)
      Int(37)
      Str("37")
      Int(5)
      Str("5")
      Int(2)
      Str("2")
   Heap:
      

Current Code: (35, Goto 29)
Current State: 
   RIP: 35
   RBP: 2
   RSP: 0
   RAX: Unit
   Stack:
      PrevRIP(18446744073709551614)
      PrevRBP(0)
      Nothing
      Int(3)
      Int(7)
      Int(8)
      Int(8)
      Int(8)
      Int(37)
      Str("37")
      Int(5)
      Str("5")
      Int(3)
      Str("2")
   Heap:
      

Current Code: (29, Call 139, [rbp - 10], (i32)6)
Current State: 
   RIP: 29
   RBP: 2
   RSP: 0
   RAX: Unit
   Stack:
      PrevRIP(18446744073709551614)
      PrevRBP(0)
      Nothing
      Int(3)
      Int(7)
      Int(8)
      Int(8)
      Int(8)
      Int(37)
      Str("37")
      Int(5)
      Str("5")
      Int(3)
      Str("2")
   Heap:
      

Current Code: (30, Goto 36 if rax is false)
Current State: 
   RIP: 30
   RBP: 2
   RSP: 0
   RAX: Bool(true)
   Stack:
      PrevRIP(18446744073709551614)
      PrevRBP(0)
      Nothing
      Int(3)
      Int(7)
      Int(8)
      Int(8)
      Int(8)
      Int(37)
      Str("37")
      Int(5)
      Str("5")
      Int(3)
      Str("2")
   Heap:
      

Current Code: (31, Call 144, [rbp - 10])
Current State: 
   RIP: 31
   RBP: 2
   RSP: 0
   RAX: Bool(true)
   Stack:
      PrevRIP(18446744073709551614)
      PrevRBP(0)
      Nothing
      Int(3)
      Int(7)
      Int(8)
      Int(8)
      Int(8)
      Int(37)
      Str("37")
      Int(5)
      Str("5")
      Int(3)
      Str("2")
   Heap:
      

Current Code: (32, Store 11 rax)
Current State: 
   RIP: 32
   RBP: 2
   RSP: 0
   RAX: Str("3")
   Stack:
      PrevRIP(18446744073709551614)
      PrevRBP(0)
      Nothing
      Int(3)
      Int(7)
      Int(8)
      Int(8)
      Int(8)
      Int(37)
      Str("37")
      Int(5)
      Str("5")
      Int(3)
      Str("2")
   Heap:
      

Current Code: (33, Call 1, [rbp - 11])
Current State: 
   RIP: 33
   RBP: 2
   RSP: 0
   RAX: Str("3")
   Stack:
      PrevRIP(18446744073709551614)
      PrevRBP(0)
      Nothing
      Int(3)
      Int(7)
      Int(8)
      Int(8)
      Int(8)
      Int(37)
      Str("37")
      Int(5)
      Str("5")
      Int(3)
      Str("3")
   Heap:
      

Current Code: (34, Call 141, [rbp - 10])
Current State: 
   RIP: 34
   RBP: 2
   RSP: 0
   RAX: Unit
   Stack:
      PrevRIP(18446744073709551614)
      PrevRBP(0)
      Nothing
      Int(3)
      Int(7)
      Int(8)
      Int(8)
      Int(8)
      Int(37)
      Str("37")
      Int(5)
      Str("5")
      Int(3)
      Str("3")
   Heap:
      

Current Code: (35, Goto 29)
Current State: 
   RIP: 35
   RBP: 2
   RSP: 0
   RAX: Unit
   Stack:
      PrevRIP(18446744073709551614)
      PrevRBP(0)
      Nothing
      Int(3)
      Int(7)
      Int(8)
      Int(8)
      Int(8)
      Int(37)
      Str("37")
      Int(5)
      Str("5")
      Int(4)
      Str("3")
   Heap:
      

Current Code: (29, Call 139, [rbp - 10], (i32)6)
Current State: 
   RIP: 29
   RBP: 2
   RSP: 0
   RAX: Unit
   Stack:
      PrevRIP(18446744073709551614)
      PrevRBP(0)
      Nothing
      Int(3)
      Int(7)
      Int(8)
      Int(8)
      Int(8)
      Int(37)
      Str("37")
      Int(5)
      Str("5")
      Int(4)
      Str("3")
   Heap:
      

Current Code: (30, Goto 36 if rax is false)
Current State: 
   RIP: 30
   RBP: 2
   RSP: 0
   RAX: Bool(true)
   Stack:
      PrevRIP(18446744073709551614)
      PrevRBP(0)
      Nothing
      Int(3)
      Int(7)
      Int(8)
      Int(8)
      Int(8)
      Int(37)
      Str("37")
      Int(5)
      Str("5")
      Int(4)
      Str("3")
   Heap:
      

Current Code: (31, Call 144, [rbp - 10])
Current State: 
   RIP: 31
   RBP: 2
   RSP: 0
   RAX: Bool(true)
   Stack:
      PrevRIP(18446744073709551614)
      PrevRBP(0)
      Nothing
      Int(3)
      Int(7)
      Int(8)
      Int(8)
      Int(8)
      Int(37)
      Str("37")
      Int(5)
      Str("5")
      Int(4)
      Str("3")
   Heap:
      

Current Code: (32, Store 11 rax)
Current State: 
   RIP: 32
   RBP: 2
   RSP: 0
   RAX: Str("4")
   Stack:
      PrevRIP(18446744073709551614)
      PrevRBP(0)
      Nothing
      Int(3)
      Int(7)
      Int(8)
      Int(8)
      Int(8)
      Int(37)
      Str("37")
      Int(5)
      Str("5")
      Int(4)
      Str("3")
   Heap:
      

Current Code: (33, Call 1, [rbp - 11])
Current State: 
   RIP: 33
   RBP: 2
   RSP: 0
   RAX: Str("4")
   Stack:
      PrevRIP(18446744073709551614)
      PrevRBP(0)
      Nothing
      Int(3)
      Int(7)
      Int(8)
      Int(8)
      Int(8)
      Int(37)
      Str("37")
      Int(5)
      Str("5")
      Int(4)
      Str("4")
   Heap:
      

Current Code: (34, Call 141, [rbp - 10])
Current State: 
   RIP: 34
   RBP: 2
   RSP: 0
   RAX: Unit
   Stack:
      PrevRIP(18446744073709551614)
      PrevRBP(0)
      Nothing
      Int(3)
      Int(7)
      Int(8)
      Int(8)
      Int(8)
      Int(37)
      Str("37")
      Int(5)
      Str("5")
      Int(4)
      Str("4")
   Heap:
      

Current Code: (35, Goto 29)
Current State: 
   RIP: 35
   RBP: 2
   RSP: 0
   RAX: Unit
   Stack:
      PrevRIP(18446744073709551614)
      PrevRBP(0)
      Nothing
      Int(3)
      Int(7)
      Int(8)
      Int(8)
      Int(8)
      Int(37)
      Str("37")
      Int(5)
      Str("5")
      Int(5)
      Str("4")
   Heap:
      

Current Code: (29, Call 139, [rbp - 10], (i32)6)
Current State: 
   RIP: 29
   RBP: 2
   RSP: 0
   RAX: Unit
   Stack:
      PrevRIP(18446744073709551614)
      PrevRBP(0)
      Nothing
      Int(3)
      Int(7)
      Int(8)
      Int(8)
      Int(8)
      Int(37)
      Str("37")
      Int(5)
      Str("5")
      Int(5)
      Str("4")
   Heap:
      

Current Code: (30, Goto 36 if rax is false)
Current State: 
   RIP: 30
   RBP: 2
   RSP: 0
   RAX: Bool(true)
   Stack:
      PrevRIP(18446744073709551614)
      PrevRBP(0)
      Nothing
      Int(3)
      Int(7)
      Int(8)
      Int(8)
      Int(8)
      Int(37)
      Str("37")
      Int(5)
      Str("5")
      Int(5)
      Str("4")
   Heap:
      

Current Code: (31, Call 144, [rbp - 10])
Current State: 
   RIP: 31
   RBP: 2
   RSP: 0
   RAX: Bool(true)
   Stack:
      PrevRIP(18446744073709551614)
      PrevRBP(0)
      Nothing
      Int(3)
      Int(7)
      Int(8)
      Int(8)
      Int(8)
      Int(37)
      Str("37")
      Int(5)
      Str("5")
      Int(5)
      Str("4")
   Heap:
      

Current Code: (32, Store 11 rax)
Current State: 
   RIP: 32
   RBP: 2
   RSP: 0
   RAX: Str("5")
   Stack:
      PrevRIP(18446744073709551614)
      PrevRBP(0)
      Nothing
      Int(3)
      Int(7)
      Int(8)
      Int(8)
      Int(8)
      Int(37)
      Str("37")
      Int(5)
      Str("5")
      Int(5)
      Str("4")
   Heap:
      

Current Code: (33, Call 1, [rbp - 11])
Current State: 
   RIP: 33
   RBP: 2
   RSP: 0
   RAX: Str("5")
   Stack:
      PrevRIP(18446744073709551614)
      PrevRBP(0)
      Nothing
      Int(3)
      Int(7)
      Int(8)
      Int(8)
      Int(8)
      Int(37)
      Str("37")
      Int(5)
      Str("5")
      Int(5)
      Str("5")
   Heap:
      

Current Code: (34, Call 141, [rbp - 10])
Current State: 
   RIP: 34
   RBP: 2
   RSP: 0
   RAX: Unit
   Stack:
      PrevRIP(18446744073709551614)
      PrevRBP(0)
      Nothing
      Int(3)
      Int(7)
      Int(8)
      Int(8)
      Int(8)
      Int(37)
      Str("37")
      Int(5)
      Str("5")
      Int(5)
      Str("5")
   Heap:
      

Current Code: (35, Goto 29)
Current State: 
   RIP: 35
   RBP: 2
   RSP: 0
   RAX: Unit
   Stack:
      PrevRIP(18446744073709551614)
      PrevRBP(0)
      Nothing
      Int(3)
      Int(7)
      Int(8)
      Int(8)
      Int(8)
      Int(37)
      Str("37")
      Int(5)
      Str("5")
      Int(6)
      Str("5")
   Heap:
      

Current Code: (29, Call 139, [rbp - 10], (i32)6)
Current State: 
   RIP: 29
   RBP: 2
   RSP: 0
   RAX: Unit
   Stack:
      PrevRIP(18446744073709551614)
      PrevRBP(0)
      Nothing
      Int(3)
      Int(7)
      Int(8)
      Int(8)
      Int(8)
      Int(37)
      Str("37")
      Int(5)
      Str("5")
      Int(6)
      Str("5")
   Heap:
      

Current Code: (30, Goto 36 if rax is false)
Current State: 
   RIP: 30
   RBP: 2
   RSP: 0
   RAX: Bool(false)
   Stack:
      PrevRIP(18446744073709551614)
      PrevRBP(0)
      Nothing
      Int(3)
      Int(7)
      Int(8)
      Int(8)
      Int(8)
      Int(37)
      Str("37")
      Int(5)
      Str("5")
      Int(6)
      Str("5")
   Heap:
      

Current Code: (36, Call 141, [rbp - 8])
Current State: 
   RIP: 36
   RBP: 2
   RSP: 0
   RAX: Bool(false)
   Stack:
      PrevRIP(18446744073709551614)
      PrevRBP(0)
      Nothing
      Int(3)
      Int(7)
      Int(8)
      Int(8)
      Int(8)
      Int(37)
      Str("37")
      Int(5)
      Str("5")
      Int(6)
      Str("5")
   Heap:
      

Current Code: (37, Goto 23)
Current State: 
   RIP: 37
   RBP: 2
   RSP: 0
   RAX: Unit
   Stack:
      PrevRIP(18446744073709551614)
      PrevRBP(0)
      Nothing
      Int(3)
      Int(7)
      Int(8)
      Int(8)
      Int(8)
      Int(37)
      Str("37")
      Int(6)
      Str("5")
      Int(6)
      Str("5")
   Heap:
      

Current Code: (23, Call 139, [rbp - 8], (i32)6)
Current State: 
   RIP: 23
   RBP: 2
   RSP: 0
   RAX: Unit
   Stack:
      PrevRIP(18446744073709551614)
      PrevRBP(0)
      Nothing
      Int(3)
      Int(7)
      Int(8)
      Int(8)
      Int(8)
      Int(37)
      Str("37")
      Int(6)
      Str("5")
      Int(6)
      Str("5")
   Heap:
      

Current Code: (24, Goto 38 if rax is false)
Current State: 
   RIP: 24
   RBP: 2
   RSP: 0
   RAX: Bool(false)
   Stack:
      PrevRIP(18446744073709551614)
      PrevRBP(0)
      Nothing
      Int(3)
      Int(7)
      Int(8)
      Int(8)
      Int(8)
      Int(37)
      Str("37")
      Int(6)
      Str("5")
      Int(6)
      Str("5")
   Heap:
      

Current Code: (38, Return ())
Current State: 
   RIP: 38
   RBP: 2
   RSP: 0
   RAX: Bool(false)
   Stack:
      PrevRIP(18446744073709551614)
      PrevRBP(0)
      Nothing
      Int(3)
      Int(7)
      Int(8)
      Int(8)
      Int(8)
      Int(37)
      Str("37")
      Int(6)
      Str("5")
      Int(6)
      Str("5")
   Heap:
      

