    Finished debug [unoptimized + debuginfo] target(s) in 0.0 secs
     Running `target\debug\smc.exe C:\Users\Fresk\Desktop\week6\basic_all.sm`
[DEBUG][3][vm/vm_impl.rs|VirtualMachine::execute] main fn local_size = 16
[DEBUG][3][vm/runtime.rs|Runtime::reserve_stack][FnBegin] Param local_size = 16
[DEBUG][3][vm/vm_impl.rs|VirtualMachine::execute] after reserve stack, rt.rbp = 2, rt.stack.len() = 18
Current Code: (0, Call 292, "abc", (i32)1)
Current State: 
   RIP: 0
   RBP: 2
   RSP: 0
   RAX: Nothing
   Stack:
      PrevRIP(18446744073709551614)
      PrevRBP(0)
      Nothing
      Nothing
      Nothing
      Nothing
      Nothing
      Nothing
      Nothing
      Nothing
      Nothing
      Nothing
      Nothing
      Nothing
      Nothing
      Nothing
      Nothing
      Nothing
   Heap:
      

Current Code: (1, Store 1 rax)
Current State: 
   RIP: 1
   RBP: 2
   RSP: 0
   RAX: Tuple([Str("abc"), Int(1)])
   Stack:
      PrevRIP(18446744073709551614)
      PrevRBP(0)
      Nothing
      Nothing
      Nothing
      Nothing
      Nothing
      Nothing
      Nothing
      Nothing
      Nothing
      Nothing
      Nothing
      Nothing
      Nothing
      Nothing
      Nothing
      Nothing
   Heap:
      

Current Code: (2, FieldAccess [rbp - 1] 0)
Current State: 
   RIP: 2
   RBP: 2
   RSP: 0
   RAX: Tuple([Str("abc"), Int(1)])
   Stack:
      PrevRIP(18446744073709551614)
      PrevRBP(0)
      Nothing
      Tuple([Str("abc"), Int(1)])
      Nothing
      Nothing
      Nothing
      Nothing
      Nothing
      Nothing
      Nothing
      Nothing
      Nothing
      Nothing
      Nothing
      Nothing
      Nothing
      Nothing
   Heap:
      

Current Code: (3, Store 2 rax)
Current State: 
   RIP: 3
   RBP: 2
   RSP: 0
   RAX: Str("abc")
   Stack:
      PrevRIP(18446744073709551614)
      PrevRBP(0)
      Nothing
      Tuple([Str("abc"), Int(1)])
      Nothing
      Nothing
      Nothing
      Nothing
      Nothing
      Nothing
      Nothing
      Nothing
      Nothing
      Nothing
      Nothing
      Nothing
      Nothing
      Nothing
   Heap:
      

Current Code: (4, Call 1, [rbp - 2])
Current State: 
   RIP: 4
   RBP: 2
   RSP: 0
   RAX: Str("abc")
   Stack:
      PrevRIP(18446744073709551614)
      PrevRBP(0)
      Nothing
      Tuple([Str("abc"), Int(1)])
      Str("abc")
      Nothing
      Nothing
      Nothing
      Nothing
      Nothing
      Nothing
      Nothing
      Nothing
      Nothing
      Nothing
      Nothing
      Nothing
      Nothing
   Heap:
      

Current Code: (5, FieldAccess [rbp - 1] 1)
Current State: 
   RIP: 5
   RBP: 2
   RSP: 0
   RAX: Unit
   Stack:
      PrevRIP(18446744073709551614)
      PrevRBP(0)
      Nothing
      Tuple([Str("abc"), Int(1)])
      Str("abc")
      Nothing
      Nothing
      Nothing
      Nothing
      Nothing
      Nothing
      Nothing
      Nothing
      Nothing
      Nothing
      Nothing
      Nothing
      Nothing
   Heap:
      

Current Code: (6, Call 144, rax)
Current State: 
   RIP: 6
   RBP: 2
   RSP: 0
   RAX: Int(1)
   Stack:
      PrevRIP(18446744073709551614)
      PrevRBP(0)
      Nothing
      Tuple([Str("abc"), Int(1)])
      Str("abc")
      Nothing
      Nothing
      Nothing
      Nothing
      Nothing
      Nothing
      Nothing
      Nothing
      Nothing
      Nothing
      Nothing
      Nothing
      Nothing
   Heap:
      

Current Code: (7, Store 3 rax)
Current State: 
   RIP: 7
   RBP: 2
   RSP: 0
   RAX: Str("1")
   Stack:
      PrevRIP(18446744073709551614)
      PrevRBP(0)
      Nothing
      Tuple([Str("abc"), Int(1)])
      Str("abc")
      Nothing
      Nothing
      Nothing
      Nothing
      Nothing
      Nothing
      Nothing
      Nothing
      Nothing
      Nothing
      Nothing
      Nothing
      Nothing
   Heap:
      

Current Code: (8, Call 1, [rbp - 3])
Current State: 
   RIP: 8
   RBP: 2
   RSP: 0
   RAX: Str("1")
   Stack:
      PrevRIP(18446744073709551614)
      PrevRBP(0)
      Nothing
      Tuple([Str("abc"), Int(1)])
      Str("abc")
      Str("1")
      Nothing
      Nothing
      Nothing
      Nothing
      Nothing
      Nothing
      Nothing
      Nothing
      Nothing
      Nothing
      Nothing
      Nothing
   Heap:
      

Current Code: (9, Call 293, [rbp - 1], "123")
Current State: 
   RIP: 9
   RBP: 2
   RSP: 0
   RAX: Unit
   Stack:
      PrevRIP(18446744073709551614)
      PrevRBP(0)
      Nothing
      Tuple([Str("abc"), Int(1)])
      Str("abc")
      Str("1")
      Nothing
      Nothing
      Nothing
      Nothing
      Nothing
      Nothing
      Nothing
      Nothing
      Nothing
      Nothing
      Nothing
      Nothing
   Heap:
      

Current Code: (10, FieldAccess [rbp - 1] 0)
Current State: 
   RIP: 10
   RBP: 2
   RSP: 0
   RAX: Unit
   Stack:
      PrevRIP(18446744073709551614)
      PrevRBP(0)
      Nothing
      Tuple([Str("123"), Int(1)])
      Str("abc")
      Str("1")
      Nothing
      Nothing
      Nothing
      Nothing
      Nothing
      Nothing
      Nothing
      Nothing
      Nothing
      Nothing
      Nothing
      Nothing
   Heap:
      

Current Code: (11, Store 4 rax)
Current State: 
   RIP: 11
   RBP: 2
   RSP: 0
   RAX: Str("123")
   Stack:
      PrevRIP(18446744073709551614)
      PrevRBP(0)
      Nothing
      Tuple([Str("123"), Int(1)])
      Str("abc")
      Str("1")
      Nothing
      Nothing
      Nothing
      Nothing
      Nothing
      Nothing
      Nothing
      Nothing
      Nothing
      Nothing
      Nothing
      Nothing
   Heap:
      

Current Code: (12, Call 1, [rbp - 4])
Current State: 
   RIP: 12
   RBP: 2
   RSP: 0
   RAX: Str("123")
   Stack:
      PrevRIP(18446744073709551614)
      PrevRBP(0)
      Nothing
      Tuple([Str("123"), Int(1)])
      Str("abc")
      Str("1")
      Str("123")
      Nothing
      Nothing
      Nothing
      Nothing
      Nothing
      Nothing
      Nothing
      Nothing
      Nothing
      Nothing
      Nothing
   Heap:
      

Current Code: (13, Call 2, )
Current State: 
   RIP: 13
   RBP: 2
   RSP: 0
   RAX: Unit
   Stack:
      PrevRIP(18446744073709551614)
      PrevRBP(0)
      Nothing
      Tuple([Str("123"), Int(1)])
      Str("abc")
      Str("1")
      Str("123")
      Nothing
      Nothing
      Nothing
      Nothing
      Nothing
      Nothing
      Nothing
      Nothing
      Nothing
      Nothing
      Nothing
   Heap:
      

thread 'main' panicked at 'Wanted a number: ParseIntError { kind: InvalidDigit }', ../src/libcore\result.rs:788
note: Run with `RUST_BACKTRACE=1` for a backtrace.
error: Process didn't exit successfully: `target\debug\smc.exe C:\Users\Fresk\Desktop\week6\basic_all.sm` (exit code: 101)
