    Finished debug [unoptimized + debuginfo] target(s) in 0.0 secs
     Running `target\debug\smc.exe tests/codegen/loveheart.sm`
[DEBUG][3][vm/vm_impl.rs|VirtualMachine::execute] main fn local_size = 9
[DEBUG][3][vm/runtime.rs|Runtime::reserve_stack][FnBegin] Param local_size = 9
[DEBUG][3][vm/vm_impl.rs|VirtualMachine::execute] after reserve stack, rt.rbp = 2, rt.stack.len() = 11
Current Code: (0, Call 245, (f32)0, (f32)15)
Current State: 
   RIP: 0
   RBP: 2
   RSP: 0
   RAX: Nothing
   Stack:
      PrevRIP(18446744073709551614)
      PrevRBP(0)
      Nothing
      Nothing
      Nothing
      Nothing
      Nothing
      Nothing
      Nothing
      Nothing
      Nothing
   Heap:
      

Current Code: (1, Store 1 rax)
Current State: 
   RIP: 1
   RBP: 2
   RSP: 0
   RAX: Float(-15)
   Stack:
      PrevRIP(18446744073709551614)
      PrevRBP(0)
      Nothing
      Nothing
      Nothing
      Nothing
      Nothing
      Nothing
      Nothing
      Nothing
      Nothing
   Heap:
      

Current Code: (2, Call 253, [rbp - 1], (f32)15)
Current State: 
   RIP: 2
   RBP: 2
   RSP: 0
   RAX: Float(-15)
   Stack:
      PrevRIP(18446744073709551614)
      PrevRBP(0)
      Nothing
      Float(-15)
      Nothing
      Nothing
      Nothing
      Nothing
      Nothing
      Nothing
      Nothing
   Heap:
      

Current Code: (3, Goto 39 if rax is false)
Current State: 
   RIP: 3
   RBP: 2
   RSP: 0
   RAX: Bool(true)
   Stack:
      PrevRIP(18446744073709551614)
      PrevRBP(0)
      Nothing
      Float(-15)
      Nothing
      Nothing
      Nothing
      Nothing
      Nothing
      Nothing
      Nothing
   Heap:
      

Current Code: (4, Call 245, (f32)0, (f32)30)
Current State: 
   RIP: 4
   RBP: 2
   RSP: 0
   RAX: Bool(true)
   Stack:
      PrevRIP(18446744073709551614)
      PrevRBP(0)
      Nothing
      Float(-15)
      Nothing
      Nothing
      Nothing
      Nothing
      Nothing
      Nothing
      Nothing
   Heap:
      

Current Code: (5, Store 2 rax)
Current State: 
   RIP: 5
   RBP: 2
   RSP: 0
   RAX: Float(-30)
   Stack:
      PrevRIP(18446744073709551614)
      PrevRBP(0)
      Nothing
      Float(-15)
      Nothing
      Nothing
      Nothing
      Nothing
      Nothing
      Nothing
      Nothing
   Heap:
      

Current Code: (6, Call 253, [rbp - 2], (f32)30)
Current State: 
   RIP: 6
   RBP: 2
   RSP: 0
   RAX: Float(-30)
   Stack:
      PrevRIP(18446744073709551614)
      PrevRBP(0)
      Nothing
      Float(-15)
      Float(-30)
      Nothing
      Nothing
      Nothing
      Nothing
      Nothing
      Nothing
   Heap:
      

Current Code: (7, Goto 36 if rax is false)
Current State: 
   RIP: 7
   RBP: 2
   RSP: 0
   RAX: Bool(true)
   Stack:
      PrevRIP(18446744073709551614)
      PrevRBP(0)
      Nothing
      Float(-15)
      Float(-30)
      Nothing
      Nothing
      Nothing
      Nothing
      Nothing
      Nothing
   Heap:
      

Current Code: (8, Call 247, [rbp - 2], (f32)20)
Current State: 
   RIP: 8
   RBP: 2
   RSP: 0
   RAX: Bool(true)
   Stack:
      PrevRIP(18446744073709551614)
      PrevRBP(0)
      Nothing
      Float(-15)
      Float(-30)
      Nothing
      Nothing
      Nothing
      Nothing
      Nothing
      Nothing
   Heap:
      

Current Code: (9, Store 2 rax)
Current State: 
   RIP: 9
   RBP: 2
   RSP: 0
   RAX: Float(-1.5)
   Stack:
      PrevRIP(18446744073709551614)
      PrevRBP(0)
      Nothing
      Float(-15)
      Float(-30)
      Nothing
      Nothing
      Nothing
      Nothing
      Nothing
      Nothing
   Heap:
      

Current Code: (10, Call 245, (f32)0, (f32)10)
Current State: 
   RIP: 10
   RBP: 2
   RSP: 0
   RAX: Float(-1.5)
   Stack:
      PrevRIP(18446744073709551614)
      PrevRBP(0)
      Nothing
      Float(-15)
      Float(-1.5)
      Nothing
      Nothing
      Nothing
      Nothing
      Nothing
      Nothing
   Heap:
      

Current Code: (11, Store 3 rax)
Current State: 
   RIP: 11
   RBP: 2
   RSP: 0
   RAX: Float(-10)
   Stack:
      PrevRIP(18446744073709551614)
      PrevRBP(0)
      Nothing
      Float(-15)
      Float(-1.5)
      Nothing
      Nothing
      Nothing
      Nothing
      Nothing
      Nothing
   Heap:
      

Current Code: (12, Store 4 [rbp - 3])
Current State: 
   RIP: 12
   RBP: 2
   RSP: 0
   RAX: Float(-10)
   Stack:
      PrevRIP(18446744073709551614)
      PrevRBP(0)
      Nothing
      Float(-15)
      Float(-1.5)
      Float(-10)
      Nothing
      Nothing
      Nothing
      Nothing
      Nothing
   Heap:
      

Current Code: (13, Call 247, [rbp - 1], [rbp - 4])
Current State: 
   RIP: 13
   RBP: 2
   RSP: 0
   RAX: Float(-10)
   Stack:
      PrevRIP(18446744073709551614)
      PrevRBP(0)
      Nothing
      Float(-15)
      Float(-1.5)
      Float(-10)
      Float(-10)
      Nothing
      Nothing
      Nothing
      Nothing
   Heap:
      

Current Code: (14, Store 1 rax)
Current State: 
   RIP: 14
   RBP: 2
   RSP: 0
   RAX: Float(1.5)
   Stack:
      PrevRIP(18446744073709551614)
      PrevRBP(0)
      Nothing
      Float(-15)
      Float(-1.5)
      Float(-10)
      Float(-10)
      Nothing
      Nothing
      Nothing
      Nothing
   Heap:
      

Current Code: (15, Call 246, [rbp - 1], [rbp - 1])
Current State: 
   RIP: 15
   RBP: 2
   RSP: 0
   RAX: Float(1.5)
   Stack:
      PrevRIP(18446744073709551614)
      PrevRBP(0)
      Nothing
      Float(1.5)
      Float(-1.5)
      Float(-10)
      Float(-10)
      Nothing
      Nothing
      Nothing
      Nothing
   Heap:
      

Current Code: (16, Store 6 rax)
Current State: 
   RIP: 16
   RBP: 2
   RSP: 0
   RAX: Float(2.25)
   Stack:
      PrevRIP(18446744073709551614)
      PrevRBP(0)
      Nothing
      Float(1.5)
      Float(-1.5)
      Float(-10)
      Float(-10)
      Nothing
      Nothing
      Nothing
      Nothing
   Heap:
      

Current Code: (17, Call 246, [rbp - 2], [rbp - 2])
Current State: 
   RIP: 17
   RBP: 2
   RSP: 0
   RAX: Float(2.25)
   Stack:
      PrevRIP(18446744073709551614)
      PrevRBP(0)
      Nothing
      Float(1.5)
      Float(-1.5)
      Float(-10)
      Float(-10)
      Nothing
      Float(2.25)
      Nothing
      Nothing
   Heap:
      

Current Code: (18, Call 244, rax, [rbp - 6])
Current State: 
   RIP: 18
   RBP: 2
   RSP: 0
   RAX: Float(2.25)
   Stack:
      PrevRIP(18446744073709551614)
      PrevRBP(0)
      Nothing
      Float(1.5)
      Float(-1.5)
      Float(-10)
      Float(-10)
      Nothing
      Float(2.25)
      Nothing
      Nothing
   Heap:
      

Current Code: (19, Call 245, rax, (f32)1)
Current State: 
   RIP: 19
   RBP: 2
   RSP: 0
   RAX: Float(4.5)
   Stack:
      PrevRIP(18446744073709551614)
      PrevRBP(0)
      Nothing
      Float(1.5)
      Float(-1.5)
      Float(-10)
      Float(-10)
      Nothing
      Float(2.25)
      Nothing
      Nothing
   Heap:
      

Current Code: (20, Store 5 rax)
Current State: 
   RIP: 20
   RBP: 2
   RSP: 0
   RAX: Float(3.5)
   Stack:
      PrevRIP(18446744073709551614)
      PrevRBP(0)
      Nothing
      Float(1.5)
      Float(-1.5)
      Float(-10)
      Float(-10)
      Nothing
      Float(2.25)
      Nothing
      Nothing
   Heap:
      

Current Code: (21, Call 246, [rbp - 2], [rbp - 2])
Current State: 
   RIP: 21
   RBP: 2
   RSP: 0
   RAX: Float(3.5)
   Stack:
      PrevRIP(18446744073709551614)
      PrevRBP(0)
      Nothing
      Float(1.5)
      Float(-1.5)
      Float(-10)
      Float(-10)
      Float(3.5)
      Float(2.25)
      Nothing
      Nothing
   Heap:
      

Current Code: (22, Call 246, rax, [rbp - 1])
Current State: 
   RIP: 22
   RBP: 2
   RSP: 0
   RAX: Float(2.25)
   Stack:
      PrevRIP(18446744073709551614)
      PrevRBP(0)
      Nothing
      Float(1.5)
      Float(-1.5)
      Float(-10)
      Float(-10)
      Float(3.5)
      Float(2.25)
      Nothing
      Nothing
   Heap:
      

Current Code: (23, Call 246, rax, [rbp - 1])
Current State: 
   RIP: 23
   RBP: 2
   RSP: 0
   RAX: Float(3.375)
   Stack:
      PrevRIP(18446744073709551614)
      PrevRBP(0)
      Nothing
      Float(1.5)
      Float(-1.5)
      Float(-10)
      Float(-10)
      Float(3.5)
      Float(2.25)
      Nothing
      Nothing
   Heap:
      

Current Code: (24, Call 246, rax, [rbp - 1])
Current State: 
   RIP: 24
   RBP: 2
   RSP: 0
   RAX: Float(5.0625)
   Stack:
      PrevRIP(18446744073709551614)
      PrevRBP(0)
      Nothing
      Float(1.5)
      Float(-1.5)
      Float(-10)
      Float(-10)
      Float(3.5)
      Float(2.25)
      Nothing
      Nothing
   Heap:
      

Current Code: (25, Store 8 rax)
Current State: 
   RIP: 25
   RBP: 2
   RSP: 0
   RAX: Float(7.59375)
   Stack:
      PrevRIP(18446744073709551614)
      PrevRBP(0)
      Nothing
      Float(1.5)
      Float(-1.5)
      Float(-10)
      Float(-10)
      Float(3.5)
      Float(2.25)
      Nothing
      Nothing
   Heap:
      

Current Code: (26, Call 246, [rbp - 5], [rbp - 5])
Current State: 
   RIP: 26
   RBP: 2
   RSP: 0
   RAX: Float(7.59375)
   Stack:
      PrevRIP(18446744073709551614)
      PrevRBP(0)
      Nothing
      Float(1.5)
      Float(-1.5)
      Float(-10)
      Float(-10)
      Float(3.5)
      Float(2.25)
      Nothing
      Float(7.59375)
   Heap:
      

Current Code: (27, Call 246, rax, [rbp - 5])
Current State: 
   RIP: 27
   RBP: 2
   RSP: 0
   RAX: Float(12.25)
   Stack:
      PrevRIP(18446744073709551614)
      PrevRBP(0)
      Nothing
      Float(1.5)
      Float(-1.5)
      Float(-10)
      Float(-10)
      Float(3.5)
      Float(2.25)
      Nothing
      Float(7.59375)
   Heap:
      

Current Code: (28, Call 245, rax, [rbp - 8])
Current State: 
   RIP: 28
   RBP: 2
   RSP: 0
   RAX: Float(42.875)
   Stack:
      PrevRIP(18446744073709551614)
      PrevRBP(0)
      Nothing
      Float(1.5)
      Float(-1.5)
      Float(-10)
      Float(-10)
      Float(3.5)
      Float(2.25)
      Nothing
      Float(7.59375)
   Heap:
      

Current Code: (29, Call 251, rax, (f32)0)
Current State: 
   RIP: 29
   RBP: 2
   RSP: 0
   RAX: Float(35.28125)
   Stack:
      PrevRIP(18446744073709551614)
      PrevRBP(0)
      Nothing
      Float(1.5)
      Float(-1.5)
      Float(-10)
      Float(-10)
      Float(3.5)
      Float(2.25)
      Nothing
      Float(7.59375)
   Heap:
      

Current Code: (30, Store 7 rax)
Current State: 
   RIP: 30
   RBP: 2
   RSP: 0
   RAX: Bool(false)
   Stack:
      PrevRIP(18446744073709551614)
      PrevRBP(0)
      Nothing
      Float(1.5)
      Float(-1.5)
      Float(-10)
      Float(-10)
      Float(3.5)
      Float(2.25)
      Nothing
      Float(7.59375)
   Heap:
      

Current Code: (31, Goto 33 if [rbp - 7] is false)
Current State: 
   RIP: 31
   RBP: 2
   RSP: 0
   RAX: Bool(false)
   Stack:
      PrevRIP(18446744073709551614)
      PrevRBP(0)
      Nothing
      Float(1.5)
      Float(-1.5)
      Float(-10)
      Float(-10)
      Float(3.5)
      Float(2.25)
      Bool(false)
      Float(7.59375)
   Heap:
      

Current Code: (33, Call 0, " ")
Current State: 
   RIP: 33
   RBP: 2
   RSP: 0
   RAX: Bool(false)
   Stack:
      PrevRIP(18446744073709551614)
      PrevRBP(0)
      Nothing
      Float(1.5)
      Float(-1.5)
      Float(-10)
      Float(-10)
      Float(3.5)
      Float(2.25)
      Bool(false)
      Float(7.59375)
   Heap:
      

Current Code: (34, Call <invalid-id>, [rbp - 2])
Current State: 
   RIP: 34
   RBP: 2
   RSP: 0
   RAX: Unit
   Stack:
      PrevRIP(18446744073709551614)
      PrevRBP(0)
      Nothing
      Float(1.5)
      Float(-1.5)
      Float(-10)
      Float(-10)
      Float(3.5)
      Float(2.25)
      Bool(false)
      Float(7.59375)
   Heap:
      

thread 'main' panicked at 'called `Option::unwrap()` on a `None` value', ../src/libcore\option.rs:326
note: Run with `RUST_BACKTRACE=1` for a backtrace.
error: Process didn't exit successfully: `target\debug\smc.exe tests/codegen/loveheart.sm` (exit code: 101)
