    Finished debug [unoptimized + debuginfo] target(s) in 0.0 secs
     Running `target\debug\smc.exe tests\codegen\fizzbuzz.sm`
[DEBUG][3][vm/vm_impl.rs|VirtualMachine::execute] main fn local_size = 5
[DEBUG][3][vm/runtime.rs|Runtime::reserve_stack][FnBegin] Param local_size = 5
[DEBUG][3][vm/vm_impl.rs|VirtualMachine::execute] after reserve stack, rt.rbp = 2, rt.stack.len() = 7
Current Code: (0, Call 292, )
Current State: 
   RIP: 0
   RBP: 2
   RSP: 0
   RAX: Nothing
   Stack:
      PrevRIP(18446744073709551614)
      PrevRBP(0)
      Nothing
      Nothing
      Nothing
      Nothing
      Nothing
   Heap:
      

Current Code: (1, Store 2 rax)
Current State: 
   RIP: 1
   RBP: 2
   RSP: 0
   RAX: ArrayRef(0)
   Stack:
      PrevRIP(18446744073709551614)
      PrevRBP(0)
      Nothing
      Nothing
      Nothing
      Nothing
      Nothing
   Heap:
      Array([])

Current Code: (2, Call 299, [rbp - 2], (i32)0)
Current State: 
   RIP: 2
   RBP: 2
   RSP: 0
   RAX: ArrayRef(0)
   Stack:
      PrevRIP(18446744073709551614)
      PrevRBP(0)
      Nothing
      Nothing
      ArrayRef(0)
      Nothing
      Nothing
   Heap:
      Array([])

Current Code: (3, Call 299, [rbp - 2], (i32)1)
Current State: 
   RIP: 3
   RBP: 2
   RSP: 0
   RAX: Unit
   Stack:
      PrevRIP(18446744073709551614)
      PrevRBP(0)
      Nothing
      Nothing
      ArrayRef(0)
      Nothing
      Nothing
   Heap:
      Array([Int(0)])

Current Code: (4, Call 299, [rbp - 2], (i32)2)
Current State: 
   RIP: 4
   RBP: 2
   RSP: 0
   RAX: Unit
   Stack:
      PrevRIP(18446744073709551614)
      PrevRBP(0)
      Nothing
      Nothing
      ArrayRef(0)
      Nothing
      Nothing
   Heap:
      Array([Int(0), Int(1)])

Current Code: (5, Call 299, [rbp - 2], (i32)3)
Current State: 
   RIP: 5
   RBP: 2
   RSP: 0
   RAX: Unit
   Stack:
      PrevRIP(18446744073709551614)
      PrevRBP(0)
      Nothing
      Nothing
      ArrayRef(0)
      Nothing
      Nothing
   Heap:
      Array([Int(0), Int(1), Int(2)])

Current Code: (6, Store 3 [rbp - 2])
Current State: 
   RIP: 6
   RBP: 2
   RSP: 0
   RAX: Unit
   Stack:
      PrevRIP(18446744073709551614)
      PrevRBP(0)
      Nothing
      Nothing
      ArrayRef(0)
      Nothing
      Nothing
   Heap:
      Array([Int(0), Int(1), Int(2), Int(3)])

Current Code: (7, Call 305, [rbp - 3], (i32)10)
Current State: 
   RIP: 7
   RBP: 2
   RSP: 0
   RAX: Unit
   Stack:
      PrevRIP(18446744073709551614)
      PrevRBP(0)
      Nothing
      Nothing
      ArrayRef(0)
      ArrayRef(0)
      Nothing
   Heap:
      Array([Int(0), Int(1), Int(2), Int(3)])

Current Code: (8, Store 1 rax)
Current State: 
   RIP: 8
   RBP: 2
   RSP: 0
   RAX: ArrayRef(1)
   Stack:
      PrevRIP(18446744073709551614)
      PrevRBP(0)
      Nothing
      Nothing
      ArrayRef(0)
      ArrayRef(0)
      Nothing
   Heap:
      Array([Int(0), Int(1), Int(2), Int(3)])
      Array([ArrayRef(0), ArrayRef(0), ArrayRef(0), ArrayRef(0), ArrayRef(0), ArrayRef(0), ArrayRef(0), ArrayRef(0), ArrayRef(0), ArrayRef(0)])

Current Code: (9, Call 309, [rbp - 1], (i32)1)
Current State: 
   RIP: 9
   RBP: 2
   RSP: 0
   RAX: ArrayRef(1)
   Stack:
      PrevRIP(18446744073709551614)
      PrevRBP(0)
      Nothing
      ArrayRef(1)
      ArrayRef(0)
      ArrayRef(0)
      Nothing
   Heap:
      Array([Int(0), Int(1), Int(2), Int(3)])
      Array([ArrayRef(0), ArrayRef(0), ArrayRef(0), ArrayRef(0), ArrayRef(0), ArrayRef(0), ArrayRef(0), ArrayRef(0), ArrayRef(0), ArrayRef(0)])

Current Code: (10, Call 297, rax, (i32)2)
Current State: 
   RIP: 10
   RBP: 2
   RSP: 0
   RAX: ArrayRef(0)
   Stack:
      PrevRIP(18446744073709551614)
      PrevRBP(0)
      Nothing
      ArrayRef(1)
      ArrayRef(0)
      ArrayRef(0)
      Nothing
   Heap:
      Array([Int(0), Int(1), Int(2), Int(3)])
      Array([ArrayRef(0), ArrayRef(0), ArrayRef(0), ArrayRef(0), ArrayRef(0), ArrayRef(0), ArrayRef(0), ArrayRef(0), ArrayRef(0), ArrayRef(0)])

Current Code: (11, Call 144, rax)
Current State: 
   RIP: 11
   RBP: 2
   RSP: 0
   RAX: Int(2)
   Stack:
      PrevRIP(18446744073709551614)
      PrevRBP(0)
      Nothing
      ArrayRef(1)
      ArrayRef(0)
      ArrayRef(0)
      Nothing
   Heap:
      Array([Int(0), Int(1), Int(2), Int(3)])
      Array([ArrayRef(0), ArrayRef(0), ArrayRef(0), ArrayRef(0), ArrayRef(0), ArrayRef(0), ArrayRef(0), ArrayRef(0), ArrayRef(0), ArrayRef(0)])

Current Code: (12, Store 4 rax)
Current State: 
   RIP: 12
   RBP: 2
   RSP: 0
   RAX: Str("2")
   Stack:
      PrevRIP(18446744073709551614)
      PrevRBP(0)
      Nothing
      ArrayRef(1)
      ArrayRef(0)
      ArrayRef(0)
      Nothing
   Heap:
      Array([Int(0), Int(1), Int(2), Int(3)])
      Array([ArrayRef(0), ArrayRef(0), ArrayRef(0), ArrayRef(0), ArrayRef(0), ArrayRef(0), ArrayRef(0), ArrayRef(0), ArrayRef(0), ArrayRef(0)])

Current Code: (13, Call 1, [rbp - 4])
Current State: 
   RIP: 13
   RBP: 2
   RSP: 0
   RAX: Str("2")
   Stack:
      PrevRIP(18446744073709551614)
      PrevRBP(0)
      Nothing
      ArrayRef(1)
      ArrayRef(0)
      ArrayRef(0)
      Str("2")
   Heap:
      Array([Int(0), Int(1), Int(2), Int(3)])
      Array([ArrayRef(0), ArrayRef(0), ArrayRef(0), ArrayRef(0), ArrayRef(0), ArrayRef(0), ArrayRef(0), ArrayRef(0), ArrayRef(0), ArrayRef(0)])

Current Code: (14, Return ())
Current State: 
   RIP: 14
   RBP: 2
   RSP: 0
   RAX: Unit
   Stack:
      PrevRIP(18446744073709551614)
      PrevRBP(0)
      Nothing
      ArrayRef(1)
      ArrayRef(0)
      ArrayRef(0)
      Str("2")
   Heap:
      Array([Int(0), Int(1), Int(2), Int(3)])
      Array([ArrayRef(0), ArrayRef(0), ArrayRef(0), ArrayRef(0), ArrayRef(0), ArrayRef(0), ArrayRef(0), ArrayRef(0), ArrayRef(0), ArrayRef(0)])

